2026-03-09 01:01:55.972 [info] Reading sessions from keychain...
2026-03-09 01:01:55.972 [info] Getting sessions for all scopes...
2026-03-09 01:01:55.972 [info] Got 0 sessions for ...
2026-03-09 01:01:55.972 [info] Getting sessions for all scopes...
2026-03-09 01:01:55.972 [info] Got 0 sessions for ...
2026-03-09 01:01:55.972 [info] Getting sessions for all scopes...
2026-03-09 01:01:55.972 [info] Got 0 sessions for ...
2026-03-09 01:01:55.972 [info] Getting sessions for all scopes...
2026-03-09 01:01:55.972 [info] Got 0 sessions for ...
2026-03-09 01:01:55.989 [info] Getting sessions for all scopes...
2026-03-09 01:01:55.990 [info] Got 0 sessions for ...
2026-03-09 01:02:06.021 [info] Getting sessions for all scopes...
2026-03-09 01:02:06.021 [info] Got 0 sessions for ...
2026-03-09 01:03:00.103 [info] Reading sessions from keychain...
2026-03-09 01:03:00.103 [info] Getting sessions for all scopes...
2026-03-09 01:03:00.104 [info] Got 0 sessions for ...
2026-03-09 01:03:00.104 [info] Getting sessions for all scopes...
2026-03-09 01:03:00.105 [info] Got 0 sessions for ...
2026-03-09 01:03:00.105 [info] Getting sessions for all scopes...
2026-03-09 01:03:00.105 [info] Got 0 sessions for ...
2026-03-09 01:03:00.105 [info] Getting sessions for all scopes...
2026-03-09 01:03:00.105 [info] Got 0 sessions for ...
2026-03-09 01:03:00.115 [info] Getting sessions for all scopes...
2026-03-09 01:03:00.115 [info] Got 0 sessions for ...
2026-03-09 01:03:00.815 [info] Getting sessions for all scopes...
2026-03-09 01:03:00.815 [info] Got 0 sessions for ...
2026-03-09 01:03:03.695 [info] Getting sessions for read:user,repo,user:email,workflow...
2026-03-09 01:03:03.695 [info] Got 0 sessions for read:user,repo,user:email,workflow...
2026-03-09 01:04:22.198 [info] Getting sessions for read:user,repo,user:email,workflow...
2026-03-09 01:04:22.198 [info] Got 0 sessions for read:user,repo,user:email,workflow...
2026-03-09 01:09:04.257 [info] Getting sessions for read:user,repo,user:email,workflow...
2026-03-09 01:09:04.257 [info] Got 0 sessions for read:user,repo,user:email,workflow...
2026-03-09 01:09:26.112 [info] Logging in with 'any' account...
2026-03-09 01:09:26.112 [info] Logging in for the following scopes: read:user repo user:email workflow
2026-03-09 01:09:26.146 [info] Trying device code flow... (read:user repo user:email workflow)
2026-03-09 01:11:02.439 [info] Getting user info...
2026-03-09 01:11:03.022 [info] Got account info!
2026-03-09 01:11:03.023 [info] Storing 1 sessions...
2026-03-09 01:11:08.994 [info] Reading sessions from keychain...
2026-03-09 01:11:08.995 [info] Stored 1 sessions!
2026-03-09 01:11:08.995 [info] Login success!
2026-03-09 01:11:09.010 [info] Got stored sessions!
2026-03-09 01:11:09.011 [info] Got 1 verified sessions.
2026-03-09 01:11:09.012 [info] Getting sessions for read:user,repo,user:email,workflow...
2026-03-09 01:11:09.012 [info] Got 1 sessions for read:user,repo,user:email,workflow...
2026-03-09 01:11:09.107 [info] Getting sessions for all scopes...
2026-03-09 01:11:09.107 [info] Got 1 sessions for ...
2026-03-09 01:11:09.109 [info] Getting sessions for all scopes...
2026-03-09 01:11:09.109 [info] Got 1 sessions for ...
2026-03-09 01:18:56.451 [info] Getting sessions for read:user,repo,user:email,workflow...
2026-03-09 01:18:56.451 [info] Got 1 sessions for read:user,repo,user:email,workflow...
