2026-03-09 01:49:17.628 [info] Extension host with pid 174486 started
2026-03-09 01:49:17.670 [info] ExtensionService#_doActivateExtension vscode.github-authentication, startup: false, activationEvent: 'onAuthenticationRequest:github'
2026-03-09 01:49:17.755 [info] ExtensionService#_doActivateExtension vscode.emmet, startup: false, activationEvent: 'onLanguage'
2026-03-09 01:49:17.869 [info] ExtensionService#_doActivateExtension vscode.git-base, startup: true, activationEvent: '*', root cause: vscode.git
2026-03-09 01:49:17.883 [info] ExtensionService#_doActivateExtension vscode.git, startup: true, activationEvent: '*'
2026-03-09 01:49:18.002 [info] ExtensionService#_doActivateExtension vscode.github, startup: true, activationEvent: '*'
2026-03-09 01:49:18.204 [info] Eager extensions activated
2026-03-09 01:49:18.207 [info] ExtensionService#_doActivateExtension vscode.debug-auto-launch, startup: false, activationEvent: 'onStartupFinished'
2026-03-09 01:49:18.211 [info] ExtensionService#_doActivateExtension vscode.merge-conflict, startup: false, activationEvent: 'onStartupFinished'
2026-03-09 01:50:02.970 [info] Extension host terminating: renderer closed the MessagePort
2026-03-09 01:50:02.983 [info] Extension host with pid 174486 exiting with code 0
2026-03-09 01:50:05.748 [info] Extension host with pid 175706 started
2026-03-09 01:50:05.748 [info] Skipping acquiring lock for /home/hamato/.config/Code - OSS/User/workspaceStorage/14195092ecb54eb0f135d08a3ecc7651.
2026-03-09 01:50:05.778 [info] ExtensionService#_doActivateExtension vscode.github-authentication, startup: false, activationEvent: 'onAuthenticationRequest:github'
2026-03-09 01:50:05.863 [info] ExtensionService#_doActivateExtension vscode.emmet, startup: false, activationEvent: 'onLanguage'
2026-03-09 01:50:05.994 [info] ExtensionService#_doActivateExtension vscode.git-base, startup: true, activationEvent: '*', root cause: vscode.git
2026-03-09 01:50:06.018 [info] ExtensionService#_doActivateExtension vscode.git, startup: true, activationEvent: '*'
2026-03-09 01:50:06.167 [info] ExtensionService#_doActivateExtension vscode.github, startup: true, activationEvent: '*'
2026-03-09 01:50:06.543 [info] Eager extensions activated
2026-03-09 01:50:06.555 [info] ExtensionService#_doActivateExtension vscode.debug-auto-launch, startup: false, activationEvent: 'onStartupFinished'
2026-03-09 01:50:06.561 [info] ExtensionService#_doActivateExtension vscode.merge-conflict, startup: false, activationEvent: 'onStartupFinished'
2026-03-09 01:56:03.322 [info] Extension host terminating: renderer closed the MessagePort
2026-03-09 01:56:03.331 [info] Extension host with pid 175706 exiting with code 0
