2026-03-09 01:13:59.126 [info] Extension host with pid 168704 started
2026-03-09 01:13:59.201 [info] ExtensionService#_doActivateExtension vscode.github-authentication, startup: false, activationEvent: 'onAuthenticationRequest:github'
2026-03-09 01:13:59.268 [info] ExtensionService#_doActivateExtension vscode.emmet, startup: false, activationEvent: 'onLanguage'
2026-03-09 01:13:59.363 [info] ExtensionService#_doActivateExtension vscode.git-base, startup: true, activationEvent: '*', root cause: vscode.git
2026-03-09 01:13:59.375 [info] ExtensionService#_doActivateExtension vscode.git, startup: true, activationEvent: '*'
2026-03-09 01:13:59.481 [info] ExtensionService#_doActivateExtension vscode.github, startup: true, activationEvent: '*'
2026-03-09 01:13:59.632 [info] Eager extensions activated
2026-03-09 01:13:59.635 [info] ExtensionService#_doActivateExtension vscode.debug-auto-launch, startup: false, activationEvent: 'onStartupFinished'
2026-03-09 01:13:59.638 [info] ExtensionService#_doActivateExtension vscode.merge-conflict, startup: false, activationEvent: 'onStartupFinished'
2026-03-09 01:14:41.584 [info] Extension host terminating: renderer closed the MessagePort
2026-03-09 01:14:41.594 [info] Extension host with pid 168704 exiting with code 0
2026-03-09 01:14:44.279 [info] Extension host with pid 169201 started
2026-03-09 01:14:44.279 [info] Skipping acquiring lock for /home/hamato/.config/Code - OSS/User/workspaceStorage/14195092ecb54eb0f135d08a3ecc7651.
2026-03-09 01:14:44.344 [info] ExtensionService#_doActivateExtension vscode.github-authentication, startup: false, activationEvent: 'onAuthenticationRequest:github'
2026-03-09 01:14:44.440 [info] ExtensionService#_doActivateExtension vscode.emmet, startup: false, activationEvent: 'onLanguage'
2026-03-09 01:14:44.745 [info] ExtensionService#_doActivateExtension vscode.git-base, startup: true, activationEvent: '*'
2026-03-09 01:14:44.836 [info] ExtensionService#_doActivateExtension vscode.github, startup: true, activationEvent: '*'
2026-03-09 01:14:45.011 [info] Eager extensions activated
2026-03-09 01:14:45.013 [info] ExtensionService#_doActivateExtension vscode.debug-auto-launch, startup: false, activationEvent: 'onStartupFinished'
2026-03-09 01:14:45.018 [info] ExtensionService#_doActivateExtension vscode.merge-conflict, startup: false, activationEvent: 'onStartupFinished'
2026-03-09 01:14:47.542 [info] ExtensionService#_doActivateExtension vscode.git, startup: false, activationEvent: 'api', root cause: vscode.github
2026-03-09 01:40:46.159 [info] Extension host terminating: renderer closed the MessagePort
2026-03-09 01:40:46.167 [info] Extension host with pid 169201 exiting with code 0
