2026-03-09 01:49:17.868 [info] Reading sessions from keychain...
2026-03-09 01:49:17.868 [info] Getting sessions for all scopes...
2026-03-09 01:49:17.874 [info] Got stored sessions!
2026-03-09 01:49:17.875 [info] Got 1 verified sessions.
2026-03-09 01:49:17.875 [info] Got 1 sessions for ...
2026-03-09 01:49:17.875 [info] Getting sessions for all scopes...
2026-03-09 01:49:17.875 [info] Got 1 sessions for ...
2026-03-09 01:49:17.875 [info] Getting sessions for all scopes...
2026-03-09 01:49:17.876 [info] Got 1 sessions for ...
2026-03-09 01:49:17.876 [info] Getting sessions for all scopes...
2026-03-09 01:49:17.876 [info] Got 1 sessions for ...
2026-03-09 01:49:17.882 [info] Getting sessions for all scopes...
2026-03-09 01:49:17.882 [info] Got 1 sessions for ...
2026-03-09 01:49:18.589 [info] Getting sessions for all scopes...
2026-03-09 01:49:18.589 [info] Got 1 sessions for ...
2026-03-09 01:50:06.005 [info] Reading sessions from keychain...
2026-03-09 01:50:06.005 [info] Getting sessions for all scopes...
2026-03-09 01:50:06.005 [info] Got stored sessions!
2026-03-09 01:50:06.005 [info] Got 1 verified sessions.
2026-03-09 01:50:06.005 [info] Got 1 sessions for ...
2026-03-09 01:50:06.005 [info] Getting sessions for all scopes...
2026-03-09 01:50:06.005 [info] Got 1 sessions for ...
2026-03-09 01:50:06.005 [info] Getting sessions for all scopes...
2026-03-09 01:50:06.005 [info] Got 1 sessions for ...
2026-03-09 01:50:06.005 [info] Getting sessions for all scopes...
2026-03-09 01:50:06.005 [info] Got 1 sessions for ...
2026-03-09 01:50:06.005 [info] Getting sessions for all scopes...
2026-03-09 01:50:06.005 [info] Got 1 sessions for ...
2026-03-09 01:50:06.828 [info] Getting sessions for all scopes...
2026-03-09 01:50:06.828 [info] Got 1 sessions for ...
