2026-03-09 01:01:55.693 [info] Extension host with pid 166045 started
2026-03-09 01:01:55.719 [info] ExtensionService#_doActivateExtension vscode.github-authentication, startup: false, activationEvent: 'onAuthenticationRequest:github'
2026-03-09 01:01:55.824 [info] ExtensionService#_doActivateExtension vscode.emmet, startup: false, activationEvent: 'onLanguage'
2026-03-09 01:01:55.982 [info] ExtensionService#_doActivateExtension vscode.git-base, startup: true, activationEvent: '*', root cause: vscode.git
2026-03-09 01:01:56.018 [info] ExtensionService#_doActivateExtension vscode.git, startup: true, activationEvent: '*'
2026-03-09 01:01:56.159 [info] ExtensionService#_doActivateExtension vscode.github, startup: true, activationEvent: '*'
2026-03-09 01:01:56.368 [info] Eager extensions activated
2026-03-09 01:01:56.371 [info] ExtensionService#_doActivateExtension vscode.debug-auto-launch, startup: false, activationEvent: 'onStartupFinished'
2026-03-09 01:01:56.375 [info] ExtensionService#_doActivateExtension vscode.merge-conflict, startup: false, activationEvent: 'onStartupFinished'
2026-03-09 01:02:57.325 [info] Extension host terminating: renderer closed the MessagePort
2026-03-09 01:02:57.339 [info] Extension host with pid 166045 exiting with code 0
2026-03-09 01:02:59.770 [info] Extension host with pid 167058 started
2026-03-09 01:02:59.770 [info] Skipping acquiring lock for /home/hamato/.config/Code - OSS/User/workspaceStorage/8f0b088c5adac4fa35b717871ac8062b.
2026-03-09 01:02:59.933 [info] ExtensionService#_doActivateExtension vscode.github-authentication, startup: false, activationEvent: 'onAuthenticationRequest:github'
2026-03-09 01:03:00.005 [info] ExtensionService#_doActivateExtension vscode.emmet, startup: false, activationEvent: 'onLanguage'
2026-03-09 01:03:00.108 [info] ExtensionService#_doActivateExtension vscode.git-base, startup: true, activationEvent: '*'
2026-03-09 01:03:00.118 [info] ExtensionService#_doActivateExtension vscode.github, startup: true, activationEvent: '*'
2026-03-09 01:03:00.237 [info] Eager extensions activated
2026-03-09 01:03:00.239 [info] ExtensionService#_doActivateExtension vscode.debug-auto-launch, startup: false, activationEvent: 'onStartupFinished'
2026-03-09 01:03:00.243 [info] ExtensionService#_doActivateExtension vscode.merge-conflict, startup: false, activationEvent: 'onStartupFinished'
2026-03-09 01:03:03.399 [info] ExtensionService#_doActivateExtension vscode.git, startup: false, activationEvent: 'api', root cause: vscode.github
2026-03-09 01:03:38.649 [info] ExtensionService#_doActivateExtension vscode.extension-editing, startup: false, activationEvent: 'onLanguage:markdown'
2026-03-09 01:03:38.681 [info] ExtensionService#_doActivateExtension vscode.markdown-language-features, startup: false, activationEvent: 'onLanguage:markdown'
2026-03-09 01:03:39.884 [info] ExtensionService#_doActivateExtension vscode.markdown-math, startup: false, activationEvent: 'api', root cause: vscode.markdown-language-features
2026-03-09 01:09:02.374 [info] ExtensionService#_doActivateExtension vscode.configuration-editing, startup: false, activationEvent: 'onLanguage:jsonc'
2026-03-09 01:09:02.393 [info] ExtensionService#_doActivateExtension vscode.json-language-features, startup: false, activationEvent: 'onLanguage:jsonc'
2026-03-09 01:09:02.502 [info] ExtensionService#_doActivateExtension vscode.typescript-language-features, startup: false, activationEvent: 'onLanguage:jsonc'
2026-03-09 01:16:46.401 [warning] [Decorations] CAPPING events from decorations provider vscode.git 309
2026-03-09 01:17:54.161 [warning] [Decorations] CAPPING events from decorations provider vscode.git 309
2026-03-09 01:17:55.290 [warning] [Decorations] CAPPING events from decorations provider vscode.git 309
2026-03-09 01:17:57.169 [warning] [Decorations] CAPPING events from decorations provider vscode.git 309
2026-03-09 01:18:00.328 [warning] [Decorations] CAPPING events from decorations provider vscode.git 309
2026-03-09 01:18:03.981 [warning] [Decorations] CAPPING events from decorations provider vscode.git 309
2026-03-09 01:18:05.362 [warning] [Decorations] CAPPING events from decorations provider vscode.git 309
2026-03-09 01:18:41.333 [warning] [Decorations] CAPPING events from decorations provider vscode.git 309
2026-03-09 01:48:17.745 [info] Extension host terminating: renderer closed the MessagePort
2026-03-09 01:48:17.764 [info] Extension host with pid 167058 exiting with code 0
