2026-03-09 01:13:59.372 [info] Reading sessions from keychain...
2026-03-09 01:13:59.372 [info] Getting sessions for all scopes...
2026-03-09 01:13:59.372 [info] Got stored sessions!
2026-03-09 01:13:59.372 [info] Got 1 verified sessions.
2026-03-09 01:13:59.373 [info] Got 1 sessions for ...
2026-03-09 01:13:59.373 [info] Getting sessions for all scopes...
2026-03-09 01:13:59.373 [info] Got 1 sessions for ...
2026-03-09 01:13:59.373 [info] Getting sessions for all scopes...
2026-03-09 01:13:59.373 [info] Got 1 sessions for ...
2026-03-09 01:14:03.714 [info] Getting sessions for all scopes...
2026-03-09 01:14:03.714 [info] Got 1 sessions for ...
2026-03-09 01:14:04.591 [info] Getting sessions for all scopes...
2026-03-09 01:14:04.591 [info] Got 1 sessions for ...
2026-03-09 01:14:44.739 [info] Reading sessions from keychain...
2026-03-09 01:14:44.739 [info] Getting sessions for all scopes...
2026-03-09 01:14:44.834 [info] Got stored sessions!
2026-03-09 01:14:44.834 [info] Got 1 verified sessions.
2026-03-09 01:14:44.835 [info] Got 1 sessions for ...
2026-03-09 01:14:44.835 [info] Getting sessions for all scopes...
2026-03-09 01:14:44.835 [info] Got 1 sessions for ...
2026-03-09 01:14:44.835 [info] Getting sessions for all scopes...
2026-03-09 01:14:44.835 [info] Got 1 sessions for ...
2026-03-09 01:14:44.835 [info] Getting sessions for all scopes...
2026-03-09 01:14:44.835 [info] Got 1 sessions for ...
2026-03-09 01:14:44.838 [info] Getting sessions for all scopes...
2026-03-09 01:14:44.838 [info] Got 1 sessions for ...
2026-03-09 01:14:47.655 [info] Getting sessions for all scopes...
2026-03-09 01:14:47.655 [info] Got 1 sessions for ...
