2026-03-09 01:48:26.443 [info] Extension host with pid 174118 started
2026-03-09 01:48:26.444 [info] Skipping acquiring lock for /home/hamato/.config/Code - OSS/User/workspaceStorage/8f0b088c5adac4fa35b717871ac8062b.
2026-03-09 01:48:26.671 [info] ExtensionService#_doActivateExtension vscode.github-authentication, startup: false, activationEvent: 'onAuthenticationRequest:github'
2026-03-09 01:48:26.765 [info] ExtensionService#_doActivateExtension vscode.emmet, startup: false, activationEvent: 'onLanguage'
2026-03-09 01:48:26.987 [info] ExtensionService#_doActivateExtension vscode.git-base, startup: true, activationEvent: '*', root cause: vscode.git
2026-03-09 01:48:27.063 [info] ExtensionService#_doActivateExtension vscode.git, startup: true, activationEvent: '*'
2026-03-09 01:48:27.192 [info] ExtensionService#_doActivateExtension vscode.github, startup: true, activationEvent: '*'
2026-03-09 01:48:27.508 [info] Eager extensions activated
2026-03-09 01:48:27.532 [info] ExtensionService#_doActivateExtension vscode.debug-auto-launch, startup: false, activationEvent: 'onStartupFinished'
2026-03-09 01:48:27.537 [info] ExtensionService#_doActivateExtension vscode.merge-conflict, startup: false, activationEvent: 'onStartupFinished'
2026-03-09 01:49:01.568 [info] ExtensionService#_doActivateExtension vscode.extension-editing, startup: false, activationEvent: 'onLanguage:markdown'
2026-03-09 01:49:01.590 [info] ExtensionService#_doActivateExtension vscode.markdown-language-features, startup: false, activationEvent: 'onLanguage:markdown'
2026-03-09 01:49:02.747 [info] ExtensionService#_doActivateExtension vscode.markdown-math, startup: false, activationEvent: 'api', root cause: vscode.markdown-language-features
2026-03-09 01:50:25.651 [warning] [Decorations] CAPPING events from decorations provider vscode.git 3126
2026-03-09 01:51:29.281 [warning] [Decorations] CAPPING events from decorations provider vscode.git 3743
2026-03-09 01:51:45.611 [warning] [Decorations] CAPPING events from decorations provider vscode.git 618
2026-03-09 01:51:46.678 [warning] [Decorations] CAPPING events from decorations provider vscode.git 309
2026-03-09 01:54:48.122 [warning] [Decorations] CAPPING events from decorations provider vscode.git 309
2026-03-09 01:54:49.170 [warning] [Decorations] CAPPING events from decorations provider vscode.git 309
2026-03-09 01:55:21.724 [warning] [Decorations] CAPPING events from decorations provider vscode.git 309
2026-03-09 01:55:22.766 [warning] [Decorations] CAPPING events from decorations provider vscode.git 309
2026-03-09 01:55:30.007 [warning] [Decorations] CAPPING events from decorations provider vscode.git 618
2026-03-09 01:55:31.073 [warning] [Decorations] CAPPING events from decorations provider vscode.git 618
2026-03-09 01:55:33.141 [warning] [Decorations] CAPPING events from decorations provider vscode.git 618
2026-03-09 01:55:36.109 [warning] [Decorations] CAPPING events from decorations provider vscode.git 309
2026-03-09 01:55:51.725 [warning] [Decorations] CAPPING events from decorations provider vscode.git 309
2026-03-09 01:56:34.329 [info] Extension host terminating: renderer closed the MessagePort
2026-03-09 01:56:34.343 [info] Extension host with pid 174118 exiting with code 0
