2026-03-09 01:01:56.355 [info] [main] Log level: Info
2026-03-09 01:01:56.355 [info] [main] Validating found git in: "git"
2026-03-09 01:01:56.355 [info] [main] Using git "2.53.0" from "git"
2026-03-09 01:01:56.355 [info] [Model][doInitialScan] Initial repository scan started
2026-03-09 01:01:56.355 [info] [Model][doInitialScan] Initial repository scan completed - repositories (0), closed repositories (0), parent repositories (0), unsafe repositories (0)
2026-03-09 01:03:03.568 [info] [main] Log level: Info
2026-03-09 01:03:03.568 [info] [main] Validating found git in: "git"
2026-03-09 01:03:03.568 [info] [main] Using git "2.53.0" from "git"
2026-03-09 01:03:03.568 [info] [Model][doInitialScan] Initial repository scan started
2026-03-09 01:03:03.568 [info] > git rev-parse --show-toplevel [20ms]
2026-03-09 01:03:03.575 [info] > git rev-parse --git-dir --git-common-dir --show-superproject-working-tree [3ms]
2026-03-09 01:03:03.595 [info] [Model][openRepository] Opened repository (path): /home/hamato/Projects/Hyperland-dots
2026-03-09 01:03:03.595 [info] [Model][openRepository] Opened repository (real path): /home/hamato/Projects/Hyperland-dots
2026-03-09 01:03:03.595 [info] [Model][openRepository] Opened repository (kind): repository
2026-03-09 01:03:03.597 [info] [Model][doInitialScan] Initial repository scan completed - repositories (1), closed repositories (0), parent repositories (0), unsafe repositories (0)
2026-03-09 01:03:03.607 [info] > git config --get commit.template [3ms]
2026-03-09 01:03:03.617 [info] > git for-each-ref --format=%(refname)%00%(upstream:short)%00%(objectname)%00%(upstream:track)%00%(upstream:remotename)%00%(upstream:remoteref) refs/heads/main refs/remotes/main [3ms]
2026-03-09 01:03:03.621 [warning] [Git][revParse] Unable to read file: ENOENT: no such file or directory, open '/home/hamato/Projects/Hyperland-dots/.git/refs/remotes/origin/main'
2026-03-09 01:03:03.622 [info] > git rev-parse refs/remotes/origin/main [1ms]
2026-03-09 01:03:03.635 [info] > git status -z -uall [8ms]
2026-03-09 01:03:03.637 [info] > git for-each-ref --sort -committerdate --format %(refname)%00%(objectname)%00%(*objectname) [4ms]
2026-03-09 01:03:03.678 [info] > git for-each-ref --format=%(refname)%00%(upstream:short)%00%(objectname)%00%(upstream:track)%00%(upstream:remotename)%00%(upstream:remoteref) refs/heads/main refs/remotes/main [9ms]
2026-03-09 01:03:03.687 [info] > git config --get --local branch.main.vscode-merge-base [3ms]
2026-03-09 01:03:03.687 [warning] [Git][config] git config failed: Failed to execute git
2026-03-09 01:03:03.692 [info] > git config --get commit.template [14ms]
2026-03-09 01:03:03.702 [info] > git for-each-ref --format=%(refname)%00%(upstream:short)%00%(objectname)%00%(upstream:track)%00%(upstream:remotename)%00%(upstream:remoteref) refs/heads/main refs/remotes/main [2ms]
2026-03-09 01:03:03.707 [warning] [Git][revParse] Unable to read file: ENOENT: no such file or directory, open '/home/hamato/Projects/Hyperland-dots/.git/refs/remotes/origin/main'
2026-03-09 01:03:03.709 [info] > git rev-parse refs/remotes/origin/main [2ms]
2026-03-09 01:03:03.719 [info] > git status -z -uall [5ms]
2026-03-09 01:03:03.720 [info] > git for-each-ref --sort -committerdate --format %(refname)%00%(objectname)%00%(*objectname) [2ms]
2026-03-09 01:03:03.757 [info] > git reflog main --grep-reflog=branch: Created from *. [66ms]
2026-03-09 01:03:03.764 [info] > git symbolic-ref --short refs/remotes/origin/HEAD [2ms]
2026-03-09 01:03:03.769 [info] > git for-each-ref --format=%(refname)%00%(upstream:short)%00%(objectname)%00%(upstream:track)%00%(upstream:remotename)%00%(upstream:remoteref) refs/heads/origin/main refs/remotes/origin/main [1ms]
2026-03-09 01:03:03.775 [info] > git config --add --local branch.main.vscode-merge-base origin/main [2ms]
2026-03-09 01:03:03.786 [info] > git config --get commit.template [5ms]
2026-03-09 01:03:03.787 [info] > git for-each-ref --format=%(refname)%00%(upstream:short)%00%(objectname)%00%(upstream:track)%00%(upstream:remotename)%00%(upstream:remoteref) refs/heads/main refs/remotes/main [2ms]
2026-03-09 01:03:03.791 [warning] [Git][revParse] Unable to read file: ENOENT: no such file or directory, open '/home/hamato/Projects/Hyperland-dots/.git/refs/remotes/origin/main'
2026-03-09 01:03:03.793 [info] > git rev-parse refs/remotes/origin/main [2ms]
2026-03-09 01:03:03.803 [info] > git status -z -uall [5ms]
2026-03-09 01:03:03.804 [info] > git for-each-ref --sort -committerdate --format %(refname)%00%(objectname)%00%(*objectname) [2ms]
2026-03-09 01:03:03.821 [info] > git merge-base refs/heads/main refs/remotes/origin/main [7ms]
2026-03-09 01:03:03.830 [info] > git diff --raw --numstat --diff-filter=ADMR -z --find-renames=50% d356e6a1503e198e7e64f4c110e660a5bedb85be...refs/remotes/origin/main -- [3ms]
2026-03-09 01:03:03.831 [info] > git merge-base refs/heads/main refs/remotes/origin/main [11ms]
2026-03-09 01:03:03.838 [info] > git diff --raw --numstat --diff-filter=ADMR -z --find-renames=50% d356e6a1503e198e7e64f4c110e660a5bedb85be...refs/remotes/origin/main -- [2ms]
2026-03-09 01:03:04.147 [info] > git check-ignore -v -z --stdin [33ms]
2026-03-09 01:03:04.867 [info] > git config --get commit.template [5ms]
2026-03-09 01:03:04.868 [info] > git for-each-ref --format=%(refname)%00%(upstream:short)%00%(objectname)%00%(upstream:track)%00%(upstream:remotename)%00%(upstream:remoteref) refs/heads/main refs/remotes/main [1ms]
2026-03-09 01:03:04.872 [warning] [Git][revParse] Unable to read file: ENOENT: no such file or directory, open '/home/hamato/Projects/Hyperland-dots/.git/refs/remotes/origin/main'
2026-03-09 01:03:04.873 [info] > git rev-parse refs/remotes/origin/main [2ms]
2026-03-09 01:03:04.881 [info] > git status -z -uall [5ms]
2026-03-09 01:03:04.882 [info] > git for-each-ref --sort -committerdate --format %(refname)%00%(objectname)%00%(*objectname) [2ms]
2026-03-09 01:03:38.943 [info] > git check-ignore -v -z --stdin [3ms]
2026-03-09 01:03:39.105 [info] > git show --textconv :README.md [28ms]
2026-03-09 01:03:39.112 [info] > git ls-files --stage -- README.md [9ms]
2026-03-09 01:03:39.128 [info] > git cat-file -s 34d01a2cc3d6074ce82a736cbfcafee85684b724 [7ms]
2026-03-09 01:03:40.031 [info] > git blame --root --incremental d356e6a1503e198e7e64f4c110e660a5bedb85be -- README.md [12ms]
2026-03-09 01:03:55.093 [info] > git check-ignore -v -z --stdin [2ms]
2026-03-09 01:03:55.749 [info] > git check-ignore -v -z --stdin [1ms]
2026-03-09 01:03:55.996 [info] > git check-ignore -v -z --stdin [1ms]
2026-03-09 01:03:56.997 [info] > git check-ignore -v -z --stdin [1ms]
2026-03-09 01:03:57.750 [info] > git check-ignore -v -z --stdin [2ms]
2026-03-09 01:03:58.156 [info] > git check-ignore -v -z --stdin [2ms]
2026-03-09 01:03:58.635 [info] > git check-ignore -v -z --stdin [2ms]
2026-03-09 01:04:18.893 [info] > git config --get commit.template [4ms]
2026-03-09 01:04:18.894 [info] > git for-each-ref --format=%(refname)%00%(upstream:short)%00%(objectname)%00%(upstream:track)%00%(upstream:remotename)%00%(upstream:remoteref) refs/heads/main refs/remotes/main [1ms]
2026-03-09 01:04:18.897 [warning] [Git][revParse] Unable to read file: ENOENT: no such file or directory, open '/home/hamato/Projects/Hyperland-dots/.git/refs/remotes/origin/main'
2026-03-09 01:04:18.898 [info] > git rev-parse refs/remotes/origin/main [1ms]
2026-03-09 01:04:18.907 [info] > git status -z -uall [5ms]
2026-03-09 01:04:18.908 [info] > git for-each-ref --sort -committerdate --format %(refname)%00%(objectname)%00%(*objectname) [2ms]
2026-03-09 01:04:22.083 [info] > git log --format=%H%n%aN%n%aE%n%at%n%ct%n%P%n%D%n%B -z --shortstat --diff-merges=first-parent -n50 --skip=0 --topo-order --decorate=full --stdin [2ms]
2026-03-09 01:04:22.248 [info] > git merge-base main origin/main [2ms]
2026-03-09 01:04:23.919 [info] > git config --get commit.template [5ms]
2026-03-09 01:04:23.920 [info] > git for-each-ref --format=%(refname)%00%(upstream:short)%00%(objectname)%00%(upstream:track)%00%(upstream:remotename)%00%(upstream:remoteref) refs/heads/main refs/remotes/main [1ms]
2026-03-09 01:04:23.924 [warning] [Git][revParse] Unable to read file: ENOENT: no such file or directory, open '/home/hamato/Projects/Hyperland-dots/.git/refs/remotes/origin/main'
2026-03-09 01:04:23.925 [info] > git rev-parse refs/remotes/origin/main [1ms]
2026-03-09 01:04:23.932 [info] > git status -z -uall [4ms]
2026-03-09 01:04:23.934 [info] > git for-each-ref --sort -committerdate --format %(refname)%00%(objectname)%00%(*objectname) [3ms]
2026-03-09 01:05:04.233 [info] > git add -A -- README.md [2ms]
2026-03-09 01:05:04.243 [info] > git config --get commit.template [4ms]
2026-03-09 01:05:04.244 [info] > git for-each-ref --format=%(refname)%00%(upstream:short)%00%(objectname)%00%(upstream:track)%00%(upstream:remotename)%00%(upstream:remoteref) refs/heads/main refs/remotes/main [2ms]
2026-03-09 01:05:04.248 [warning] [Git][revParse] Unable to read file: ENOENT: no such file or directory, open '/home/hamato/Projects/Hyperland-dots/.git/refs/remotes/origin/main'
2026-03-09 01:05:04.250 [info] > git rev-parse refs/remotes/origin/main [1ms]
2026-03-09 01:05:04.257 [info] > git status -z -uall [4ms]
2026-03-09 01:05:04.258 [info] > git for-each-ref --sort -committerdate --format %(refname)%00%(objectname)%00%(*objectname) [1ms]
2026-03-09 01:05:04.568 [info] > git check-ignore -v -z --stdin [1ms]
2026-03-09 01:05:04.580 [info] > git show --textconv HEAD:README.md [6ms]
2026-03-09 01:05:04.581 [info] > git ls-tree -l HEAD -- README.md [2ms]
2026-03-09 01:05:05.322 [info] > git config --get commit.template [5ms]
2026-03-09 01:05:05.322 [info] > git for-each-ref --format=%(refname)%00%(upstream:short)%00%(objectname)%00%(upstream:track)%00%(upstream:remotename)%00%(upstream:remoteref) refs/heads/main refs/remotes/main [1ms]
2026-03-09 01:05:05.326 [warning] [Git][revParse] Unable to read file: ENOENT: no such file or directory, open '/home/hamato/Projects/Hyperland-dots/.git/refs/remotes/origin/main'
2026-03-09 01:05:05.327 [info] > git rev-parse refs/remotes/origin/main [2ms]
2026-03-09 01:05:05.337 [info] > git status -z -uall [4ms]
2026-03-09 01:05:05.338 [info] > git for-each-ref --sort -committerdate --format %(refname)%00%(objectname)%00%(*objectname) [1ms]
2026-03-09 01:05:05.420 [info] > git ls-files --stage -- README.md [4ms]
2026-03-09 01:05:05.424 [info] > git ls-tree -l HEAD -- README.md [4ms]
2026-03-09 01:05:05.425 [info] > git cat-file -s 5343ca17cd91dec6d19cc23d5ed5882dc24d19d4 [1ms]
2026-03-09 01:05:05.435 [info] > git show --textconv HEAD:README.md [4ms]
2026-03-09 01:05:05.435 [info] > git show --textconv :README.md [1ms]
2026-03-09 01:05:05.644 [info] > git check-ignore -v -z --stdin [2ms]
2026-03-09 01:05:14.465 [info] > git -c user.useConfigOnly=true commit --quiet --allow-empty-message --file - [2ms]
2026-03-09 01:05:14.465 [info] Author identity unknown

*** Please tell me who you are.

Run

  git config --global user.email "you@example.com"
  git config --global user.name "Your Name"

to set your account's default identity.
Omit --global to set the identity only in this repository.

fatal: no email was given and auto-detection is disabled
2026-03-09 01:05:14.470 [info] > git config --get-all user.name [1ms]
2026-03-09 01:05:14.481 [info] > git config --get commit.template [7ms]
2026-03-09 01:05:14.482 [info] > git for-each-ref --format=%(refname)%00%(upstream:short)%00%(objectname)%00%(upstream:track)%00%(upstream:remotename)%00%(upstream:remoteref) refs/heads/main refs/remotes/main [2ms]
2026-03-09 01:05:14.486 [warning] [Git][revParse] Unable to read file: ENOENT: no such file or directory, open '/home/hamato/Projects/Hyperland-dots/.git/refs/remotes/origin/main'
2026-03-09 01:05:14.489 [info] > git rev-parse refs/remotes/origin/main [3ms]
2026-03-09 01:05:14.499 [info] > git status -z -uall [5ms]
2026-03-09 01:05:14.500 [info] > git for-each-ref --sort -committerdate --format %(refname)%00%(objectname)%00%(*objectname) [1ms]
2026-03-09 01:05:31.582 [info] > git config --get commit.template [8ms]
2026-03-09 01:05:31.583 [info] > git for-each-ref --format=%(refname)%00%(upstream:short)%00%(objectname)%00%(upstream:track)%00%(upstream:remotename)%00%(upstream:remoteref) refs/heads/main refs/remotes/main [3ms]
2026-03-09 01:05:31.589 [warning] [Git][revParse] Unable to read file: ENOENT: no such file or directory, open '/home/hamato/Projects/Hyperland-dots/.git/refs/remotes/origin/main'
2026-03-09 01:05:31.591 [info] > git rev-parse refs/remotes/origin/main [2ms]
2026-03-09 01:05:31.602 [info] > git status -z -uall [6ms]
2026-03-09 01:05:31.604 [info] > git for-each-ref --sort -committerdate --format %(refname)%00%(objectname)%00%(*objectname) [2ms]
2026-03-09 01:05:31.736 [info] > git ls-files --stage -- README.md [12ms]
2026-03-09 01:05:31.744 [info] > git ls-tree -l HEAD -- README.md [10ms]
2026-03-09 01:05:31.746 [info] > git cat-file -s 5343ca17cd91dec6d19cc23d5ed5882dc24d19d4 [3ms]
2026-03-09 01:05:31.964 [info] > git show --textconv HEAD:README.md [9ms]
2026-03-09 01:05:31.966 [info] > git show --textconv :README.md [4ms]
2026-03-09 01:08:30.813 [info] > git -c user.useConfigOnly=true commit --quiet --allow-empty-message --file - [6ms]
2026-03-09 01:08:30.818 [info] > git config --get commit.template [1ms]
2026-03-09 01:08:30.831 [info] > git config --get commit.template [6ms]
2026-03-09 01:08:30.832 [info] > git for-each-ref --format=%(refname)%00%(upstream:short)%00%(objectname)%00%(upstream:track)%00%(upstream:remotename)%00%(upstream:remoteref) refs/heads/main refs/remotes/main [1ms]
2026-03-09 01:08:30.838 [warning] [Git][revParse] Unable to read file: ENOENT: no such file or directory, open '/home/hamato/Projects/Hyperland-dots/.git/refs/remotes/origin/main'
2026-03-09 01:08:30.842 [info] > git rev-parse refs/remotes/origin/main [4ms]
2026-03-09 01:08:30.856 [info] > git status -z -uall [10ms]
2026-03-09 01:08:30.856 [info] > git for-each-ref --sort -committerdate --format %(refname)%00%(objectname)%00%(*objectname) [4ms]
2026-03-09 01:08:30.871 [info] > git merge-base refs/heads/main refs/remotes/origin/main [5ms]
2026-03-09 01:08:30.879 [info] > git diff --raw --numstat --diff-filter=ADMR -z --find-renames=50% d356e6a1503e198e7e64f4c110e660a5bedb85be...refs/remotes/origin/main -- [2ms]
2026-03-09 01:08:30.895 [info] > git log --format=%H%n%aN%n%aE%n%at%n%ct%n%P%n%D%n%B -z --shortstat --diff-merges=first-parent -n50 --skip=0 --topo-order --decorate=full --stdin [1ms]
2026-03-09 01:08:30.918 [info] > git config --get commit.template [3ms]
2026-03-09 01:08:30.925 [info] > git for-each-ref --format=%(refname)%00%(upstream:short)%00%(objectname)%00%(upstream:track)%00%(upstream:remotename)%00%(upstream:remoteref) refs/heads/main refs/remotes/main [2ms]
2026-03-09 01:08:30.931 [warning] [Git][revParse] Unable to read file: ENOENT: no such file or directory, open '/home/hamato/Projects/Hyperland-dots/.git/refs/remotes/origin/main'
2026-03-09 01:08:30.932 [info] > git rev-parse refs/remotes/origin/main [1ms]
2026-03-09 01:08:30.946 [info] > git status -z -uall [8ms]
2026-03-09 01:08:30.952 [info] > git for-each-ref --sort -committerdate --format %(refname)%00%(objectname)%00%(*objectname) [7ms]
2026-03-09 01:08:30.957 [info] > git merge-base main origin/main [7ms]
2026-03-09 01:08:31.262 [info] > git check-ignore -v -z --stdin [1ms]
2026-03-09 01:08:31.274 [info] > git blame --root --incremental 6ed80e06ce9ee570f0cfeac270a1ead35b3d3135 -- README.md [2ms]
2026-03-09 01:08:32.026 [info] > git ls-files --stage -- README.md [1ms]
2026-03-09 01:08:32.032 [info] > git cat-file -s 5343ca17cd91dec6d19cc23d5ed5882dc24d19d4 [2ms]
2026-03-09 01:08:32.041 [info] > git show --textconv :README.md [2ms]
2026-03-09 01:09:02.685 [info] > git log --oneline --cherry main...main@{upstream} -- [43ms]
2026-03-09 01:09:03.529 [info] > git pull --tags origin main [838ms]
2026-03-09 01:09:03.529 [info] From https://github.com/Hamat09/Hyperland-dots
 * branch            main       -> FETCH_HEAD
2026-03-09 01:09:26.150 [info] > git ls-files --stage -- README.md [16ms]
2026-03-09 01:09:26.157 [info] > git cat-file -s 5343ca17cd91dec6d19cc23d5ed5882dc24d19d4 [2ms]
2026-03-09 01:09:26.169 [info] > git show --textconv :README.md [2ms]
2026-03-09 01:11:10.590 [info] > git push origin main:main [127052ms]
2026-03-09 01:11:10.590 [info] To https://github.com/Hamat09/Hyperland-dots.git
   d356e6a..6ed80e0  main -> main
2026-03-09 01:11:10.615 [info] > git config --get commit.template [13ms]
2026-03-09 01:11:10.620 [info] > git for-each-ref --format=%(refname)%00%(upstream:short)%00%(objectname)%00%(upstream:track)%00%(upstream:remotename)%00%(upstream:remoteref) refs/heads/main refs/remotes/main [6ms]
2026-03-09 01:11:10.642 [info] > git status -z -uall [12ms]
2026-03-09 01:11:10.645 [info] > git for-each-ref --sort -committerdate --format %(refname)%00%(objectname)%00%(*objectname) [4ms]
2026-03-09 01:11:10.674 [info] > git merge-base refs/heads/main refs/remotes/origin/main [5ms]
2026-03-09 01:11:10.689 [info] > git diff --raw --numstat --diff-filter=ADMR -z --find-renames=50% 6ed80e06ce9ee570f0cfeac270a1ead35b3d3135...refs/remotes/origin/main -- [6ms]
2026-03-09 01:11:10.709 [info] > git log --format=%H%n%aN%n%aE%n%at%n%ct%n%P%n%D%n%B -z --shortstat --diff-merges=first-parent -n50 --skip=0 --topo-order --decorate=full --stdin [5ms]
2026-03-09 01:11:11.477 [info] > git merge-base main origin/main [5ms]
2026-03-09 01:11:29.071 [info] > git config --get commit.template [26ms]
2026-03-09 01:11:29.075 [info] > git ls-files --stage -- README.md [7ms]
2026-03-09 01:11:29.111 [info] > git cat-file -s 5343ca17cd91dec6d19cc23d5ed5882dc24d19d4 [13ms]
2026-03-09 01:11:29.113 [info] > git for-each-ref --format=%(refname)%00%(upstream:short)%00%(objectname)%00%(upstream:track)%00%(upstream:remotename)%00%(upstream:remoteref) refs/heads/main refs/remotes/main [4ms]
2026-03-09 01:11:29.193 [info] > git status -z -uall [53ms]
2026-03-09 01:11:29.193 [info] > git for-each-ref --sort -committerdate --format %(refname)%00%(objectname)%00%(*objectname) [29ms]
2026-03-09 01:11:29.206 [info] > git show --textconv :README.md [15ms]
2026-03-09 01:12:57.657 [info] > git check-ignore -v -z --stdin [1ms]
2026-03-09 01:13:03.206 [info] > git config --get commit.template [21ms]
2026-03-09 01:13:03.214 [info] > git for-each-ref --format=%(refname)%00%(upstream:short)%00%(objectname)%00%(upstream:track)%00%(upstream:remotename)%00%(upstream:remoteref) refs/heads/main refs/remotes/main [8ms]
2026-03-09 01:13:03.260 [info] > git status -z -uall [24ms]
2026-03-09 01:13:03.261 [info] > git for-each-ref --sort -committerdate --format %(refname)%00%(objectname)%00%(*objectname) [5ms]
2026-03-09 01:13:29.722 [info] > git check-ignore -v -z --stdin [2ms]
2026-03-09 01:13:33.949 [info] > git config --get commit.template [21ms]
2026-03-09 01:13:33.954 [info] > git for-each-ref --format=%(refname)%00%(upstream:short)%00%(objectname)%00%(upstream:track)%00%(upstream:remotename)%00%(upstream:remoteref) refs/heads/main refs/remotes/main [7ms]
2026-03-09 01:13:33.995 [info] > git status -z -uall [16ms]
2026-03-09 01:13:34.004 [info] > git for-each-ref --sort -committerdate --format %(refname)%00%(objectname)%00%(*objectname) [11ms]
2026-03-09 01:16:45.772 [info] > git check-ignore -v -z --stdin [2ms]
2026-03-09 01:16:46.378 [info] > git config --get commit.template [6ms]
2026-03-09 01:16:46.378 [info] > git for-each-ref --format=%(refname)%00%(upstream:short)%00%(objectname)%00%(upstream:track)%00%(upstream:remotename)%00%(upstream:remoteref) refs/heads/main refs/remotes/main [1ms]
2026-03-09 01:16:46.389 [info] > git status -z -uall [6ms]
2026-03-09 01:16:46.392 [info] > git for-each-ref --sort -committerdate --format %(refname)%00%(objectname)%00%(*objectname) [4ms]
2026-03-09 01:16:46.760 [info] > git check-ignore -v -z --stdin [2ms]
2026-03-09 01:17:08.035 [info] > git log --format=%H%n%aN%n%aE%n%at%n%ct%n%P%n%D%n%B -z --shortstat --diff-merges=first-parent -n50 --skip=0 --topo-order --decorate=full --stdin [3ms]
2026-03-09 01:17:08.137 [info] > git merge-base main origin/main [2ms]
2026-03-09 01:17:08.628 [info] > git check-ignore -v -z --stdin [1ms]
2026-03-09 01:17:13.107 [info] > git check-ignore -v -z --stdin [2ms]
2026-03-09 01:17:18.691 [info] > git check-ignore -v -z --stdin [1ms]
2026-03-09 01:17:20.742 [info] > git check-ignore -v -z --stdin [2ms]
2026-03-09 01:17:54.115 [info] > git add -A -- dotfiles/Code - OSS/Cache/Cache_Data/313a2bca6fb51472_0 dotfiles/Code - OSS/Cache/Cache_Data/5283edf90cf4ab50_0 dotfiles/Code - OSS/Cache/Cache_Data/6fa8d378b8b667f5_0 dotfiles/Code - OSS/Cache/Cache_Data/index dotfiles/Code - OSS/Cache/Cache_Data/index-dir/the-real-index dotfiles/Code - OSS/Cache/No_Vary_Search/journal.baj dotfiles/Code - OSS/Cache/No_Vary_Search/snapshot.baf dotfiles/Code - OSS/CachedData/072586267e68ece9a47aa43f8c108e0dcbf44622/chrome/js/2fc564ea439d08a3_0 dotfiles/Code - OSS/CachedData/072586267e68ece9a47aa43f8c108e0dcbf44622/chrome/js/36483243cbc95433_0 dotfiles/Code - OSS/CachedData/072586267e68ece9a47aa43f8c108e0dcbf44622/chrome/js/3975c3fb671e43fa_0 dotfiles/Code - OSS/CachedData/072586267e68ece9a47aa43f8c108e0dcbf44622/chrome/js/72cd47cbe63be54d_0 dotfiles/Code - OSS/CachedData/072586267e68ece9a47aa43f8c108e0dcbf44622/chrome/js/c143e7e08d169d00_0 dotfiles/Code - OSS/CachedData/072586267e68ece9a47aa43f8c108e0dcbf44622/chrome/js/d245ea1c6515df1c_0 dotfiles/Code - OSS/CachedData/072586267e68ece9a47aa43f8c108e0dcbf44622/chrome/js/d8dbfcc10a751fe8_0 dotfiles/Code - OSS/CachedData/072586267e68ece9a47aa43f8c108e0dcbf44622/chrome/js/e6a12ffb4ea97994_0 dotfiles/Code - OSS/CachedData/072586267e68ece9a47aa43f8c108e0dcbf44622/chrome/js/f4d971f65b05262a_0 dotfiles/Code - OSS/CachedData/072586267e68ece9a47aa43f8c108e0dcbf44622/chrome/js/index dotfiles/Code - OSS/CachedData/072586267e68ece9a47aa43f8c108e0dcbf44622/chrome/js/index-dir/the-real-index dotfiles/Code - OSS/CachedData/072586267e68ece9a47aa43f8c108e0dcbf44622/chrome/wasm/index dotfiles/Code - OSS/CachedData/072586267e68ece9a47aa43f8c108e0dcbf44622/chrome/wasm/index-dir/the-real-index dotfiles/Code - OSS/CachedProfilesData/__default__profile__/extensions.builtin.cache dotfiles/Code - OSS/CachedProfilesData/__default__profile__/extensions.user.cache dotfiles/Code - OSS/Code Cache/js/index dotfiles/Code - OSS/Code Cache/js/index-dir/the-real-index dotfiles/Code - OSS/Code Cache/wasm/index dotfiles/Code - OSS/Code Cache/wasm/index-dir/the-real-index dotfiles/Code - OSS/Cookies dotfiles/Code - OSS/Cookies-journal dotfiles/Code - OSS/Crashpad/client_id dotfiles/Code - OSS/Crashpad/settings.dat dotfiles/Code - OSS/DIPS dotfiles/Code - OSS/DIPS-wal dotfiles/Code - OSS/DawnGraphiteCache/data_0 dotfiles/Code - OSS/DawnGraphiteCache/data_1 dotfiles/Code - OSS/DawnGraphiteCache/data_2 dotfiles/Code - OSS/DawnGraphiteCache/data_3 dotfiles/Code - OSS/DawnGraphiteCache/index dotfiles/Code - OSS/DawnWebGPUCache/data_0 dotfiles/Code - OSS/DawnWebGPUCache/data_1 dotfiles/Code - OSS/DawnWebGPUCache/data_2 dotfiles/Code - OSS/DawnWebGPUCache/data_3 dotfiles/Code - OSS/DawnWebGPUCache/index dotfiles/Code - OSS/Dictionaries/en-US-10-1.bdic dotfiles/Code - OSS/GPUCache/data_0 dotfiles/Code - OSS/GPUCache/data_1 dotfiles/Code - OSS/GPUCache/data_2 dotfiles/Code - OSS/GPUCache/data_3 dotfiles/Code - OSS/GPUCache/index dotfiles/Code - OSS/Local Storage/leveldb/000003.log dotfiles/Code - OSS/Local Storage/leveldb/CURRENT dotfiles/Code - OSS/Local Storage/leveldb/LOCK dotfiles/Code - OSS/Local Storage/leveldb/LOG dotfiles/Code - OSS/Local Storage/leveldb/LOG.old dotfiles/Code - OSS/Local Storage/leveldb/MANIFEST-000001 dotfiles/Code - OSS/Network Persistent State dotfiles/Code - OSS/Preferences dotfiles/Code - OSS/Session Storage/000003.log dotfiles/Code - OSS/Session Storage/CURRENT dotfiles/Code - OSS/Session Storage/LOCK dotfiles/Code - OSS/Session Storage/LOG dotfiles/Code - OSS/Session Storage/MANIFEST-000001 dotfiles/Code - OSS/Shared Dictionary/cache/index dotfiles/Code - OSS/Shared Dictionary/cache/index-dir/the-real-index dotfiles/Code - OSS/Shared Dictionary/db dotfiles/Code - OSS/Shared Dictionary/db-journal dotfiles/Code - OSS/SharedStorage dotfiles/Code - OSS/SharedStorage-wal dotfiles/Code - OSS/Trust Tokens dotfiles/Code - OSS/Trust Tokens-journal dotfiles/Code - OSS/User/History/-eac06bf/H22O.json dotfiles/Code - OSS/User/History/-eac06bf/entries.json dotfiles/Code - OSS/User/History/4eeb9b2c/2kQE.md dotfiles/Code - OSS/User/History/4eeb9b2c/entries.json dotfiles/Code - OSS/User/History/70d12a30/e9fj.json dotfiles/Code - OSS/User/History/70d12a30/entries.json dotfiles/Code - OSS/User/chatLanguageModels.json dotfiles/Code - OSS/User/globalStorage/emptyWindowChatSessions/1aab9baa-56a0-4e40-ab35-67537ec16eba.jsonl dotfiles/Code - OSS/User/globalStorage/emptyWindowChatSessions/936481d6-03c1-46bb-9e3f-c3bcc7a42243.jsonl dotfiles/Code - OSS/User/globalStorage/emptyWindowChatSessions/cc920eb9-929c-4a75-8744-8f2749edd446.jsonl dotfiles/Code - OSS/User/globalStorage/state.vscdb dotfiles/Code - OSS/User/globalStorage/storage.json dotfiles/Code - OSS/User/settings.json dotfiles/Code - OSS/User/workspaceStorage/14195092ecb54eb0f135d08a3ecc7651/chatEditingSessions/75edcaa8-93ff-4230-9802-3376575c33bd/state.json dotfiles/Code - OSS/User/workspaceStorage/14195092ecb54eb0f135d08a3ecc7651/chatSessions/75edcaa8-93ff-4230-9802-3376575c33bd.jsonl dotfiles/Code - OSS/User/workspaceStorage/14195092ecb54eb0f135d08a3ecc7651/state.vscdb dotfiles/Code - OSS/User/workspaceStorage/14195092ecb54eb0f135d08a3ecc7651/workspace.json dotfiles/Code - OSS/User/workspaceStorage/1772998265371/chatEditingSessions/936481d6-03c1-46bb-9e3f-c3bcc7a42243/state.json dotfiles/Code - OSS/User/workspaceStorage/1772998265371/state.vscdb dotfiles/Code - OSS/User/workspaceStorage/1772998313335/chatEditingSessions/cc920eb9-929c-4a75-8744-8f2749edd446/state.json dotfiles/Code - OSS/User/workspaceStorage/1772998313335/state.vscdb dotfiles/Code - OSS/User/workspaceStorage/1772999036797/chatEditingSessions/1aab9baa-56a0-4e40-ab35-67537ec16eba/state.json dotfiles/Code - OSS/User/workspaceStorage/1772999036797/state.vscdb dotfiles/Code - OSS/User/workspaceStorage/8f0b088c5adac4fa35b717871ac8062b/chatEditingSessions/33b60d77-8046-4324-9c3d-9d690cdfe8fe/state.json dotfiles/Code - OSS/User/workspaceStorage/8f0b088c5adac4fa35b717871ac8062b/chatSessions/33b60d77-8046-4324-9c3d-9d690cdfe8fe.jsonl dotfiles/Code - OSS/User/workspaceStorage/8f0b088c5adac4fa35b717871ac8062b/state.vscdb dotfiles/Code - OSS/User/workspaceStorage/8f0b088c5adac4fa35b717871ac8062b/workspace.json dotfiles/Code - OSS/code.lock dotfiles/Code - OSS/languagepacks.json dotfiles/Code - OSS/logs/20260309T010105/editSessions.log dotfiles/Code - OSS/logs/20260309T010105/main.log dotfiles/Code - OSS/logs/20260309T010105/network-shared.log dotfiles/Code - OSS/logs/20260309T010105/ptyhost.log dotfiles/Code - OSS/logs/20260309T010105/remoteTunnelService.log dotfiles/Code - OSS/logs/20260309T010105/sharedprocess.log dotfiles/Code - OSS/logs/20260309T010105/terminal.log dotfiles/Code - OSS/logs/20260309T010105/userDataSync.log dotfiles/Code - OSS/logs/20260309T010105/window1/exthost/extHostTelemetry.log dotfiles/Code - OSS/logs/20260309T010105/window1/exthost/exthost.log dotfiles/Code - OSS/logs/20260309T010105/window1/exthost/vscode.git/Git.log dotfiles/Code - OSS/logs/20260309T010105/window1/exthost/vscode.github-authentication/GitHub Authentication.log dotfiles/Code - OSS/logs/20260309T010105/window1/exthost/vscode.github/GitHub.log dotfiles/Code - OSS/logs/20260309T010105/window1/network.log dotfiles/Code - OSS/logs/20260309T010105/window1/notebook.rendering.log dotfiles/Code - OSS/logs/20260309T010105/window1/output_20260309T010108/agentSessionsOutput.log dotfiles/Code - OSS/logs/20260309T010105/window1/output_20260309T010108/tasks.log dotfiles/Code - OSS/logs/20260309T010105/window1/renderer.log dotfiles/Code - OSS/logs/20260309T010105/window1/views.log dotfiles/Code - OSS/logs/20260309T010105/window2/exthost/extHostTelemetry.log dotfiles/Code - OSS/logs/20260309T010105/window2/exthost/exthost.log dotfiles/Code - OSS/logs/20260309T010105/window2/exthost/vscode.git/Git.log dotfiles/Code - OSS/logs/20260309T010105/window2/exthost/vscode.github-authentication/GitHub Authentication.log dotfiles/Code - OSS/logs/20260309T010105/window2/exthost/vscode.github/GitHub.log dotfiles/Code - OSS/logs/20260309T010105/window2/exthost/vscode.json-language-features/JSON Language Server.log dotfiles/Code - OSS/logs/20260309T010105/window2/exthost/vscode.markdown-language-features/Markdown.log dotfiles/Code - OSS/logs/20260309T010105/window2/network.log dotfiles/Code - OSS/logs/20260309T010105/window2/notebook.rendering.log dotfiles/Code - OSS/logs/20260309T010105/window2/output_20260309T010155/agentSessionsOutput.log dotfiles/Code - OSS/logs/20260309T010105/window2/output_20260309T010155/tasks.log dotfiles/Code - OSS/logs/20260309T010105/window2/output_20260309T010259/agentSessionsOutput.log dotfiles/Code - OSS/logs/20260309T010105/window2/output_20260309T010259/tasks.log dotfiles/Code - OSS/logs/20260309T010105/window2/renderer.log dotfiles/Code - OSS/logs/20260309T010105/window2/textModelChanges.log dotfiles/Code - OSS/logs/20260309T010105/window2/views.log dotfiles/Code - OSS/logs/20260309T010105/window3/exthost/extHostTelemetry.log dotfiles/Code - OSS/logs/20260309T010105/window3/exthost/exthost.log dotfiles/Code - OSS/logs/20260309T010105/window3/exthost/vscode.git/Git.log dotfiles/Code - OSS/logs/20260309T010105/window3/exthost/vscode.github-authentication/GitHub Authentication.log dotfiles/Code - OSS/logs/20260309T010105/window3/exthost/vscode.github/GitHub.log dotfiles/Code - OSS/logs/20260309T010105/window3/network.log dotfiles/Code - OSS/logs/20260309T010105/window3/notebook.rendering.log dotfiles/Code - OSS/logs/20260309T010105/window3/output_20260309T011359/agentSessionsOutput.log dotfiles/Code - OSS/logs/20260309T010105/window3/output_20260309T011359/tasks.log dotfiles/Code - OSS/logs/20260309T010105/window3/output_20260309T011443/agentSessionsOutput.log dotfiles/Code - OSS/logs/20260309T010105/window3/output_20260309T011443/tasks.log dotfiles/Code - OSS/logs/20260309T010105/window3/renderer.log dotfiles/Code - OSS/logs/20260309T010105/window3/views.log dotfiles/Code - OSS/machineid dotfiles/Kvantum/kvantum.kvconfig dotfiles/Kvantum/pywal/pywal.kvconfig dotfiles/Kvantum/pywal/pywal.svg dotfiles/btop/btop.conf dotfiles/btop/themes/matugen.theme dotfiles/cava/config dotfiles/cava/shaders/bar_spectrum.frag dotfiles/cava/shaders/eye_of_phi.frag dotfiles/cava/shaders/northern_lights.frag dotfiles/cava/shaders/pass_through.vert dotfiles/cava/shaders/spectrogram.frag dotfiles/cava/shaders/winamp_line_style_spectrum.frag dotfiles/cava/themes/cava-colors.ini dotfiles/cava/themes/solarized_dark dotfiles/cava/themes/tricolor dotfiles/dolphinrc dotfiles/gtk-3.0/gtk.css dotfiles/gtk-3.0/settings.ini dotfiles/gtk-4.0/assets dotfiles/gtk-4.0/gtk-dark.css dotfiles/gtk-4.0/gtk.css dotfiles/gtk-4.0/settings.ini dotfiles/hypr/hyprland.conf dotfiles/hypr/hyprqt6engine.conf dotfiles/kdeglobals dotfiles/kitty/kitty-colors.conf dotfiles/kitty/kitty.conf dotfiles/matugen/config.toml dotfiles/matugen/generated/beeper.css dotfiles/matugen/generated/btop-colors.theme dotfiles/matugen/generated/cava-colors.ini dotfiles/matugen/generated/gtk-3.css dotfiles/matugen/generated/gtk-4.css dotfiles/matugen/generated/hyprland-colors.conf dotfiles/matugen/generated/hyprlock-colors.conf dotfiles/matugen/generated/kitty-colors.conf dotfiles/matugen/generated/master-dump.jsonl dotfiles/matugen/generated/midnight-discord.css dotfiles/matugen/generated/obsidian-theme.css dotfiles/matugen/generated/pywalfox-colors.json dotfiles/matugen/generated/qt5ct-colors.conf dotfiles/matugen/generated/qt6ct-colors.conf dotfiles/matugen/generated/rofi-colors.rasi dotfiles/matugen/generated/spotify-colors.ini dotfiles/matugen/generated/swaync-colors.css dotfiles/matugen/generated/swayosd-colors.css dotfiles/matugen/generated/vscode.json dotfiles/matugen/generated/waybar-colors.css dotfiles/matugen/generated/wlogout-colors.css dotfiles/matugen/generated/yazi-theme.toml dotfiles/matugen/generated/zathura-colors dotfiles/matugen/presets/catppuccin.toml dotfiles/matugen/presets/catppuccin_latte.toml dotfiles/matugen/presets/ethereal.toml dotfiles/matugen/presets/everforest.toml dotfiles/matugen/presets/flexoki_light.toml dotfiles/matugen/presets/gruvbox.toml dotfiles/matugen/presets/hackerman.toml dotfiles/matugen/presets/kanagawa.toml dotfiles/matugen/presets/matte_black.toml dotfiles/matugen/presets/miasma.toml dotfiles/matugen/presets/nord.toml dotfiles/matugen/presets/osaka_jade.toml dotfiles/matugen/presets/ristretto.toml dotfiles/matugen/presets/tokyo_night.toml dotfiles/matugen/presets/vantablack.toml dotfiles/matugen/templates/Matugen.colors dotfiles/matugen/templates/alacritty.toml dotfiles/matugen/templates/beeper.css dotfiles/matugen/templates/btop.theme dotfiles/matugen/templates/cava-colors.ini dotfiles/matugen/templates/colors-wal.vim dotfiles/matugen/templates/colors.css dotfiles/matugen/templates/dunstrc-colors dotfiles/matugen/templates/fuzzel.ini dotfiles/matugen/templates/ghostty dotfiles/matugen/templates/gtk-colors.css dotfiles/matugen/templates/helix.toml dotfiles/matugen/templates/hyprland-colors.conf dotfiles/matugen/templates/hyprlock-colors.conf dotfiles/matugen/templates/kitty-colors.conf dotfiles/matugen/templates/mako dotfiles/matugen/templates/master-dump.jsonl dotfiles/matugen/templates/micro.micro dotfiles/matugen/templates/midnight-discord.css dotfiles/matugen/templates/obs-studio.ovt dotfiles/matugen/templates/obsidian-theme.css dotfiles/matugen/templates/opencode-colors.json dotfiles/matugen/templates/pywalfox-colors.json dotfiles/matugen/templates/qtct-colors.conf dotfiles/matugen/templates/quickshell.qml dotfiles/matugen/templates/rofi-colors.rasi dotfiles/matugen/templates/spicetify.ini dotfiles/matugen/templates/spotify-colors.ini dotfiles/matugen/templates/starship-colors.toml dotfiles/matugen/templates/steam.json dotfiles/matugen/templates/sway-colors.conf dotfiles/matugen/templates/swaync.css dotfiles/matugen/templates/swayosd-colors.css dotfiles/matugen/templates/television.toml dotfiles/matugen/templates/tmux-colors.conf dotfiles/matugen/templates/vscode.json dotfiles/matugen/templates/yazi-theme.toml dotfiles/matugen/templates/zathura-colors dotfiles/matugen/templates/zed-colors.json dotfiles/nvim/.gitignore dotfiles/nvim/.neoconf.json dotfiles/nvim/LICENSE dotfiles/nvim/README.md dotfiles/nvim/init.lua dotfiles/nvim/lazy-lock.json dotfiles/nvim/lazyvim.json dotfiles/nvim/lua/config/autocmds.lua dotfiles/nvim/lua/config/keymaps.lua dotfiles/nvim/lua/config/lazy.lua dotfiles/nvim/lua/config/options.lua dotfiles/nvim/lua/plugins/Pywal.lua dotfiles/nvim/lua/plugins/colorizer.lua dotfiles/nvim/lua/plugins/example.lua dotfiles/nvim/stylua.toml dotfiles/nwg-look/config dotfiles/qt5ct/colors/matugen.conf dotfiles/qt5ct/colors/pywal.conf dotfiles/qt5ct/qt5ct.conf dotfiles/qt6ct/colors/matugen.conf dotfiles/qt6ct/colors/pywal.conf dotfiles/qt6ct/qt6ct.conf dotfiles/rofi/config.rasi dotfiles/rofi/wallpaper.rasi dotfiles/wal/backends/__init__.py dotfiles/wal/backends/colorthief.py dotfiles/wal/backends/colorz.py dotfiles/wal/backends/fast_colorthief.py dotfiles/wal/backends/haishoku.py dotfiles/wal/backends/modern_colorthief.py dotfiles/wal/backends/okthief.py dotfiles/wal/backends/schemer2.py dotfiles/wal/backends/wal.py dotfiles/wal/colorschemes/dark/matte_black.json dotfiles/wal/colorschemes/dark/solarized_osaka_dark.json dotfiles/wal/colorschemes/dark/solarized_osaka_light.json dotfiles/wal/colorschemes/dark/vantablack.json dotfiles/wal/templates/btop.theme dotfiles/wal/templates/colors-kitty.conf dotfiles/wal/templates/darkreader.json dotfiles/wal/templates/gtk-colors.css dotfiles/wal/templates/pywal.json dotfiles/wal/templates/pywal.kvconfig dotfiles/wal/templates/pywal.svg dotfiles/wal/templates/pywalfox-colors.json dotfiles/wal/templates/qtct-colors.conf dotfiles/wal/templates/rofi-config.rasi dotfiles/wal/templates/style.css dotfiles/wal/templates/template.lua dotfiles/wal/templates/yazi-theme.toml dotfiles/wal/templates/zathura-colors dotfiles/waybar/config.jsonc dotfiles/waybar/style.css dotfiles/yazi/keymap.toml dotfiles/yazi/theme.toml dotfiles/yazi/yazi.toml dotfiles/zathura/zathurarc [263ms]
2026-03-09 01:17:54.130 [info] > git config --get commit.template [6ms]
2026-03-09 01:17:54.132 [info] > git for-each-ref --format=%(refname)%00%(upstream:short)%00%(objectname)%00%(upstream:track)%00%(upstream:remotename)%00%(upstream:remoteref) refs/heads/main refs/remotes/main [2ms]
2026-03-09 01:17:54.146 [info] > git status -z -uall [8ms]
2026-03-09 01:17:54.151 [info] > git for-each-ref --sort -committerdate --format %(refname)%00%(objectname)%00%(*objectname) [6ms]
2026-03-09 01:17:54.541 [info] > git check-ignore -v -z --stdin [2ms]
2026-03-09 01:17:55.264 [info] > git config --get commit.template [5ms]
2026-03-09 01:17:55.265 [info] > git for-each-ref --format=%(refname)%00%(upstream:short)%00%(objectname)%00%(upstream:track)%00%(upstream:remotename)%00%(upstream:remoteref) refs/heads/main refs/remotes/main [2ms]
2026-03-09 01:17:55.278 [info] > git status -z -uall [7ms]
2026-03-09 01:17:55.281 [info] > git for-each-ref --sort -committerdate --format %(refname)%00%(objectname)%00%(*objectname) [4ms]
2026-03-09 01:17:55.362 [info] > git ls-files --stage -- README.md [2ms]
2026-03-09 01:17:55.370 [info] > git cat-file -s 5343ca17cd91dec6d19cc23d5ed5882dc24d19d4 [2ms]
2026-03-09 01:17:55.378 [info] > git show --textconv :README.md [1ms]
2026-03-09 01:17:55.668 [info] > git check-ignore -v -z --stdin [2ms]
2026-03-09 01:17:57.124 [info] > git branch [1ms]
2026-03-09 01:17:57.131 [info] > git reset -q HEAD -- . [3ms]
2026-03-09 01:17:57.145 [info] > git config --get commit.template [6ms]
2026-03-09 01:17:57.146 [info] > git for-each-ref --format=%(refname)%00%(upstream:short)%00%(objectname)%00%(upstream:track)%00%(upstream:remotename)%00%(upstream:remoteref) refs/heads/main refs/remotes/main [2ms]
2026-03-09 01:17:57.159 [info] > git status -z -uall [6ms]
2026-03-09 01:17:57.163 [info] > git for-each-ref --sort -committerdate --format %(refname)%00%(objectname)%00%(*objectname) [5ms]
2026-03-09 01:17:57.530 [info] > git check-ignore -v -z --stdin [1ms]
2026-03-09 01:17:58.312 [info] > git ls-files --stage -- README.md [1ms]
2026-03-09 01:17:58.321 [info] > git cat-file -s 5343ca17cd91dec6d19cc23d5ed5882dc24d19d4 [2ms]
2026-03-09 01:17:58.331 [info] > git show --textconv :README.md [2ms]
2026-03-09 01:18:00.306 [info] > git config --get commit.template [6ms]
2026-03-09 01:18:00.307 [info] > git for-each-ref --format=%(refname)%00%(upstream:short)%00%(objectname)%00%(upstream:track)%00%(upstream:remotename)%00%(upstream:remoteref) refs/heads/main refs/remotes/main [1ms]
2026-03-09 01:18:00.321 [info] > git status -z -uall [9ms]
2026-03-09 01:18:00.322 [info] > git for-each-ref --sort -committerdate --format %(refname)%00%(objectname)%00%(*objectname) [2ms]
2026-03-09 01:18:00.680 [info] > git check-ignore -v -z --stdin [1ms]
2026-03-09 01:18:03.941 [info] > git add -A -- dotfiles/Code - OSS/Cache/Cache_Data/313a2bca6fb51472_0 dotfiles/Code - OSS/Cache/Cache_Data/5283edf90cf4ab50_0 dotfiles/Code - OSS/Cache/Cache_Data/6fa8d378b8b667f5_0 dotfiles/Code - OSS/Cache/Cache_Data/index dotfiles/Code - OSS/Cache/Cache_Data/index-dir/the-real-index dotfiles/Code - OSS/Cache/No_Vary_Search/journal.baj dotfiles/Code - OSS/Cache/No_Vary_Search/snapshot.baf dotfiles/Code - OSS/CachedData/072586267e68ece9a47aa43f8c108e0dcbf44622/chrome/js/2fc564ea439d08a3_0 dotfiles/Code - OSS/CachedData/072586267e68ece9a47aa43f8c108e0dcbf44622/chrome/js/36483243cbc95433_0 dotfiles/Code - OSS/CachedData/072586267e68ece9a47aa43f8c108e0dcbf44622/chrome/js/3975c3fb671e43fa_0 dotfiles/Code - OSS/CachedData/072586267e68ece9a47aa43f8c108e0dcbf44622/chrome/js/72cd47cbe63be54d_0 dotfiles/Code - OSS/CachedData/072586267e68ece9a47aa43f8c108e0dcbf44622/chrome/js/c143e7e08d169d00_0 dotfiles/Code - OSS/CachedData/072586267e68ece9a47aa43f8c108e0dcbf44622/chrome/js/d245ea1c6515df1c_0 dotfiles/Code - OSS/CachedData/072586267e68ece9a47aa43f8c108e0dcbf44622/chrome/js/d8dbfcc10a751fe8_0 dotfiles/Code - OSS/CachedData/072586267e68ece9a47aa43f8c108e0dcbf44622/chrome/js/e6a12ffb4ea97994_0 dotfiles/Code - OSS/CachedData/072586267e68ece9a47aa43f8c108e0dcbf44622/chrome/js/f4d971f65b05262a_0 dotfiles/Code - OSS/CachedData/072586267e68ece9a47aa43f8c108e0dcbf44622/chrome/js/index dotfiles/Code - OSS/CachedData/072586267e68ece9a47aa43f8c108e0dcbf44622/chrome/js/index-dir/the-real-index dotfiles/Code - OSS/CachedData/072586267e68ece9a47aa43f8c108e0dcbf44622/chrome/wasm/index dotfiles/Code - OSS/CachedData/072586267e68ece9a47aa43f8c108e0dcbf44622/chrome/wasm/index-dir/the-real-index dotfiles/Code - OSS/CachedProfilesData/__default__profile__/extensions.builtin.cache dotfiles/Code - OSS/CachedProfilesData/__default__profile__/extensions.user.cache dotfiles/Code - OSS/Code Cache/js/index dotfiles/Code - OSS/Code Cache/js/index-dir/the-real-index dotfiles/Code - OSS/Code Cache/wasm/index dotfiles/Code - OSS/Code Cache/wasm/index-dir/the-real-index dotfiles/Code - OSS/Cookies dotfiles/Code - OSS/Cookies-journal dotfiles/Code - OSS/Crashpad/client_id dotfiles/Code - OSS/Crashpad/settings.dat dotfiles/Code - OSS/DIPS dotfiles/Code - OSS/DIPS-wal dotfiles/Code - OSS/DawnGraphiteCache/data_0 dotfiles/Code - OSS/DawnGraphiteCache/data_1 dotfiles/Code - OSS/DawnGraphiteCache/data_2 dotfiles/Code - OSS/DawnGraphiteCache/data_3 dotfiles/Code - OSS/DawnGraphiteCache/index dotfiles/Code - OSS/DawnWebGPUCache/data_0 dotfiles/Code - OSS/DawnWebGPUCache/data_1 dotfiles/Code - OSS/DawnWebGPUCache/data_2 dotfiles/Code - OSS/DawnWebGPUCache/data_3 dotfiles/Code - OSS/DawnWebGPUCache/index dotfiles/Code - OSS/Dictionaries/en-US-10-1.bdic dotfiles/Code - OSS/GPUCache/data_0 dotfiles/Code - OSS/GPUCache/data_1 dotfiles/Code - OSS/GPUCache/data_2 dotfiles/Code - OSS/GPUCache/data_3 dotfiles/Code - OSS/GPUCache/index dotfiles/Code - OSS/Local Storage/leveldb/000003.log dotfiles/Code - OSS/Local Storage/leveldb/CURRENT dotfiles/Code - OSS/Local Storage/leveldb/LOCK dotfiles/Code - OSS/Local Storage/leveldb/LOG dotfiles/Code - OSS/Local Storage/leveldb/LOG.old dotfiles/Code - OSS/Local Storage/leveldb/MANIFEST-000001 dotfiles/Code - OSS/Network Persistent State dotfiles/Code - OSS/Preferences dotfiles/Code - OSS/Session Storage/000003.log dotfiles/Code - OSS/Session Storage/CURRENT dotfiles/Code - OSS/Session Storage/LOCK dotfiles/Code - OSS/Session Storage/LOG dotfiles/Code - OSS/Session Storage/MANIFEST-000001 dotfiles/Code - OSS/Shared Dictionary/cache/index dotfiles/Code - OSS/Shared Dictionary/cache/index-dir/the-real-index dotfiles/Code - OSS/Shared Dictionary/db dotfiles/Code - OSS/Shared Dictionary/db-journal dotfiles/Code - OSS/SharedStorage dotfiles/Code - OSS/SharedStorage-wal dotfiles/Code - OSS/Trust Tokens dotfiles/Code - OSS/Trust Tokens-journal dotfiles/Code - OSS/User/History/-eac06bf/H22O.json dotfiles/Code - OSS/User/History/-eac06bf/entries.json dotfiles/Code - OSS/User/History/4eeb9b2c/2kQE.md dotfiles/Code - OSS/User/History/4eeb9b2c/entries.json dotfiles/Code - OSS/User/History/70d12a30/e9fj.json dotfiles/Code - OSS/User/History/70d12a30/entries.json dotfiles/Code - OSS/User/chatLanguageModels.json dotfiles/Code - OSS/User/globalStorage/emptyWindowChatSessions/1aab9baa-56a0-4e40-ab35-67537ec16eba.jsonl dotfiles/Code - OSS/User/globalStorage/emptyWindowChatSessions/936481d6-03c1-46bb-9e3f-c3bcc7a42243.jsonl dotfiles/Code - OSS/User/globalStorage/emptyWindowChatSessions/cc920eb9-929c-4a75-8744-8f2749edd446.jsonl dotfiles/Code - OSS/User/globalStorage/state.vscdb dotfiles/Code - OSS/User/globalStorage/storage.json dotfiles/Code - OSS/User/settings.json dotfiles/Code - OSS/User/workspaceStorage/14195092ecb54eb0f135d08a3ecc7651/chatEditingSessions/75edcaa8-93ff-4230-9802-3376575c33bd/state.json dotfiles/Code - OSS/User/workspaceStorage/14195092ecb54eb0f135d08a3ecc7651/chatSessions/75edcaa8-93ff-4230-9802-3376575c33bd.jsonl dotfiles/Code - OSS/User/workspaceStorage/14195092ecb54eb0f135d08a3ecc7651/state.vscdb dotfiles/Code - OSS/User/workspaceStorage/14195092ecb54eb0f135d08a3ecc7651/workspace.json dotfiles/Code - OSS/User/workspaceStorage/1772998265371/chatEditingSessions/936481d6-03c1-46bb-9e3f-c3bcc7a42243/state.json dotfiles/Code - OSS/User/workspaceStorage/1772998265371/state.vscdb dotfiles/Code - OSS/User/workspaceStorage/1772998313335/chatEditingSessions/cc920eb9-929c-4a75-8744-8f2749edd446/state.json dotfiles/Code - OSS/User/workspaceStorage/1772998313335/state.vscdb dotfiles/Code - OSS/User/workspaceStorage/1772999036797/chatEditingSessions/1aab9baa-56a0-4e40-ab35-67537ec16eba/state.json dotfiles/Code - OSS/User/workspaceStorage/1772999036797/state.vscdb dotfiles/Code - OSS/User/workspaceStorage/8f0b088c5adac4fa35b717871ac8062b/chatEditingSessions/33b60d77-8046-4324-9c3d-9d690cdfe8fe/state.json dotfiles/Code - OSS/User/workspaceStorage/8f0b088c5adac4fa35b717871ac8062b/chatSessions/33b60d77-8046-4324-9c3d-9d690cdfe8fe.jsonl dotfiles/Code - OSS/User/workspaceStorage/8f0b088c5adac4fa35b717871ac8062b/state.vscdb dotfiles/Code - OSS/User/workspaceStorage/8f0b088c5adac4fa35b717871ac8062b/workspace.json dotfiles/Code - OSS/code.lock dotfiles/Code - OSS/languagepacks.json dotfiles/Code - OSS/logs/20260309T010105/editSessions.log dotfiles/Code - OSS/logs/20260309T010105/main.log dotfiles/Code - OSS/logs/20260309T010105/network-shared.log dotfiles/Code - OSS/logs/20260309T010105/ptyhost.log dotfiles/Code - OSS/logs/20260309T010105/remoteTunnelService.log dotfiles/Code - OSS/logs/20260309T010105/sharedprocess.log dotfiles/Code - OSS/logs/20260309T010105/terminal.log dotfiles/Code - OSS/logs/20260309T010105/userDataSync.log dotfiles/Code - OSS/logs/20260309T010105/window1/exthost/extHostTelemetry.log dotfiles/Code - OSS/logs/20260309T010105/window1/exthost/exthost.log dotfiles/Code - OSS/logs/20260309T010105/window1/exthost/vscode.git/Git.log dotfiles/Code - OSS/logs/20260309T010105/window1/exthost/vscode.github-authentication/GitHub Authentication.log dotfiles/Code - OSS/logs/20260309T010105/window1/exthost/vscode.github/GitHub.log dotfiles/Code - OSS/logs/20260309T010105/window1/network.log dotfiles/Code - OSS/logs/20260309T010105/window1/notebook.rendering.log dotfiles/Code - OSS/logs/20260309T010105/window1/output_20260309T010108/agentSessionsOutput.log dotfiles/Code - OSS/logs/20260309T010105/window1/output_20260309T010108/tasks.log dotfiles/Code - OSS/logs/20260309T010105/window1/renderer.log dotfiles/Code - OSS/logs/20260309T010105/window1/views.log dotfiles/Code - OSS/logs/20260309T010105/window2/exthost/extHostTelemetry.log dotfiles/Code - OSS/logs/20260309T010105/window2/exthost/exthost.log dotfiles/Code - OSS/logs/20260309T010105/window2/exthost/vscode.git/Git.log dotfiles/Code - OSS/logs/20260309T010105/window2/exthost/vscode.github-authentication/GitHub Authentication.log dotfiles/Code - OSS/logs/20260309T010105/window2/exthost/vscode.github/GitHub.log dotfiles/Code - OSS/logs/20260309T010105/window2/exthost/vscode.json-language-features/JSON Language Server.log dotfiles/Code - OSS/logs/20260309T010105/window2/exthost/vscode.markdown-language-features/Markdown.log dotfiles/Code - OSS/logs/20260309T010105/window2/network.log dotfiles/Code - OSS/logs/20260309T010105/window2/notebook.rendering.log dotfiles/Code - OSS/logs/20260309T010105/window2/output_20260309T010155/agentSessionsOutput.log dotfiles/Code - OSS/logs/20260309T010105/window2/output_20260309T010155/tasks.log dotfiles/Code - OSS/logs/20260309T010105/window2/output_20260309T010259/agentSessionsOutput.log dotfiles/Code - OSS/logs/20260309T010105/window2/output_20260309T010259/tasks.log dotfiles/Code - OSS/logs/20260309T010105/window2/renderer.log dotfiles/Code - OSS/logs/20260309T010105/window2/textModelChanges.log dotfiles/Code - OSS/logs/20260309T010105/window2/views.log dotfiles/Code - OSS/logs/20260309T010105/window3/exthost/extHostTelemetry.log dotfiles/Code - OSS/logs/20260309T010105/window3/exthost/exthost.log dotfiles/Code - OSS/logs/20260309T010105/window3/exthost/vscode.git/Git.log dotfiles/Code - OSS/logs/20260309T010105/window3/exthost/vscode.github-authentication/GitHub Authentication.log dotfiles/Code - OSS/logs/20260309T010105/window3/exthost/vscode.github/GitHub.log dotfiles/Code - OSS/logs/20260309T010105/window3/network.log dotfiles/Code - OSS/logs/20260309T010105/window3/notebook.rendering.log dotfiles/Code - OSS/logs/20260309T010105/window3/output_20260309T011359/agentSessionsOutput.log dotfiles/Code - OSS/logs/20260309T010105/window3/output_20260309T011359/tasks.log dotfiles/Code - OSS/logs/20260309T010105/window3/output_20260309T011443/agentSessionsOutput.log dotfiles/Code - OSS/logs/20260309T010105/window3/output_20260309T011443/tasks.log dotfiles/Code - OSS/logs/20260309T010105/window3/renderer.log dotfiles/Code - OSS/logs/20260309T010105/window3/views.log dotfiles/Code - OSS/machineid dotfiles/Kvantum/kvantum.kvconfig dotfiles/Kvantum/pywal/pywal.kvconfig dotfiles/Kvantum/pywal/pywal.svg dotfiles/btop/btop.conf dotfiles/btop/themes/matugen.theme dotfiles/cava/config dotfiles/cava/shaders/bar_spectrum.frag dotfiles/cava/shaders/eye_of_phi.frag dotfiles/cava/shaders/northern_lights.frag dotfiles/cava/shaders/pass_through.vert dotfiles/cava/shaders/spectrogram.frag dotfiles/cava/shaders/winamp_line_style_spectrum.frag dotfiles/cava/themes/cava-colors.ini dotfiles/cava/themes/solarized_dark dotfiles/cava/themes/tricolor dotfiles/dolphinrc dotfiles/gtk-3.0/gtk.css dotfiles/gtk-3.0/settings.ini dotfiles/gtk-4.0/assets dotfiles/gtk-4.0/gtk-dark.css dotfiles/gtk-4.0/gtk.css dotfiles/gtk-4.0/settings.ini dotfiles/hypr/hyprland.conf dotfiles/hypr/hyprqt6engine.conf dotfiles/kdeglobals dotfiles/kitty/kitty-colors.conf dotfiles/kitty/kitty.conf dotfiles/matugen/config.toml dotfiles/matugen/generated/beeper.css dotfiles/matugen/generated/btop-colors.theme dotfiles/matugen/generated/cava-colors.ini dotfiles/matugen/generated/gtk-3.css dotfiles/matugen/generated/gtk-4.css dotfiles/matugen/generated/hyprland-colors.conf dotfiles/matugen/generated/hyprlock-colors.conf dotfiles/matugen/generated/kitty-colors.conf dotfiles/matugen/generated/master-dump.jsonl dotfiles/matugen/generated/midnight-discord.css dotfiles/matugen/generated/obsidian-theme.css dotfiles/matugen/generated/pywalfox-colors.json dotfiles/matugen/generated/qt5ct-colors.conf dotfiles/matugen/generated/qt6ct-colors.conf dotfiles/matugen/generated/rofi-colors.rasi dotfiles/matugen/generated/spotify-colors.ini dotfiles/matugen/generated/swaync-colors.css dotfiles/matugen/generated/swayosd-colors.css dotfiles/matugen/generated/vscode.json dotfiles/matugen/generated/waybar-colors.css dotfiles/matugen/generated/wlogout-colors.css dotfiles/matugen/generated/yazi-theme.toml dotfiles/matugen/generated/zathura-colors dotfiles/matugen/presets/catppuccin.toml dotfiles/matugen/presets/catppuccin_latte.toml dotfiles/matugen/presets/ethereal.toml dotfiles/matugen/presets/everforest.toml dotfiles/matugen/presets/flexoki_light.toml dotfiles/matugen/presets/gruvbox.toml dotfiles/matugen/presets/hackerman.toml dotfiles/matugen/presets/kanagawa.toml dotfiles/matugen/presets/matte_black.toml dotfiles/matugen/presets/miasma.toml dotfiles/matugen/presets/nord.toml dotfiles/matugen/presets/osaka_jade.toml dotfiles/matugen/presets/ristretto.toml dotfiles/matugen/presets/tokyo_night.toml dotfiles/matugen/presets/vantablack.toml dotfiles/matugen/templates/Matugen.colors dotfiles/matugen/templates/alacritty.toml dotfiles/matugen/templates/beeper.css dotfiles/matugen/templates/btop.theme dotfiles/matugen/templates/cava-colors.ini dotfiles/matugen/templates/colors-wal.vim dotfiles/matugen/templates/colors.css dotfiles/matugen/templates/dunstrc-colors dotfiles/matugen/templates/fuzzel.ini dotfiles/matugen/templates/ghostty dotfiles/matugen/templates/gtk-colors.css dotfiles/matugen/templates/helix.toml dotfiles/matugen/templates/hyprland-colors.conf dotfiles/matugen/templates/hyprlock-colors.conf dotfiles/matugen/templates/kitty-colors.conf dotfiles/matugen/templates/mako dotfiles/matugen/templates/master-dump.jsonl dotfiles/matugen/templates/micro.micro dotfiles/matugen/templates/midnight-discord.css dotfiles/matugen/templates/obs-studio.ovt dotfiles/matugen/templates/obsidian-theme.css dotfiles/matugen/templates/opencode-colors.json dotfiles/matugen/templates/pywalfox-colors.json dotfiles/matugen/templates/qtct-colors.conf dotfiles/matugen/templates/quickshell.qml dotfiles/matugen/templates/rofi-colors.rasi dotfiles/matugen/templates/spicetify.ini dotfiles/matugen/templates/spotify-colors.ini dotfiles/matugen/templates/starship-colors.toml dotfiles/matugen/templates/steam.json dotfiles/matugen/templates/sway-colors.conf dotfiles/matugen/templates/swaync.css dotfiles/matugen/templates/swayosd-colors.css dotfiles/matugen/templates/television.toml dotfiles/matugen/templates/tmux-colors.conf dotfiles/matugen/templates/vscode.json dotfiles/matugen/templates/yazi-theme.toml dotfiles/matugen/templates/zathura-colors dotfiles/matugen/templates/zed-colors.json dotfiles/nvim/.gitignore dotfiles/nvim/.neoconf.json dotfiles/nvim/LICENSE dotfiles/nvim/README.md dotfiles/nvim/init.lua dotfiles/nvim/lazy-lock.json dotfiles/nvim/lazyvim.json dotfiles/nvim/lua/config/autocmds.lua dotfiles/nvim/lua/config/keymaps.lua dotfiles/nvim/lua/config/lazy.lua dotfiles/nvim/lua/config/options.lua dotfiles/nvim/lua/plugins/Pywal.lua dotfiles/nvim/lua/plugins/colorizer.lua dotfiles/nvim/lua/plugins/example.lua dotfiles/nvim/stylua.toml dotfiles/nwg-look/config dotfiles/qt5ct/colors/matugen.conf dotfiles/qt5ct/colors/pywal.conf dotfiles/qt5ct/qt5ct.conf dotfiles/qt6ct/colors/matugen.conf dotfiles/qt6ct/colors/pywal.conf dotfiles/qt6ct/qt6ct.conf dotfiles/rofi/config.rasi dotfiles/rofi/wallpaper.rasi dotfiles/wal/backends/__init__.py dotfiles/wal/backends/colorthief.py dotfiles/wal/backends/colorz.py dotfiles/wal/backends/fast_colorthief.py dotfiles/wal/backends/haishoku.py dotfiles/wal/backends/modern_colorthief.py dotfiles/wal/backends/okthief.py dotfiles/wal/backends/schemer2.py dotfiles/wal/backends/wal.py dotfiles/wal/colorschemes/dark/matte_black.json dotfiles/wal/colorschemes/dark/solarized_osaka_dark.json dotfiles/wal/colorschemes/dark/solarized_osaka_light.json dotfiles/wal/colorschemes/dark/vantablack.json dotfiles/wal/templates/btop.theme dotfiles/wal/templates/colors-kitty.conf dotfiles/wal/templates/darkreader.json dotfiles/wal/templates/gtk-colors.css dotfiles/wal/templates/pywal.json dotfiles/wal/templates/pywal.kvconfig dotfiles/wal/templates/pywal.svg dotfiles/wal/templates/pywalfox-colors.json dotfiles/wal/templates/qtct-colors.conf dotfiles/wal/templates/rofi-config.rasi dotfiles/wal/templates/style.css dotfiles/wal/templates/template.lua dotfiles/wal/templates/yazi-theme.toml dotfiles/wal/templates/zathura-colors dotfiles/waybar/config.jsonc dotfiles/waybar/style.css dotfiles/yazi/keymap.toml dotfiles/yazi/theme.toml dotfiles/yazi/yazi.toml dotfiles/zathura/zathurarc [69ms]
2026-03-09 01:18:03.955 [info] > git config --get commit.template [6ms]
2026-03-09 01:18:03.957 [info] > git for-each-ref --format=%(refname)%00%(upstream:short)%00%(objectname)%00%(upstream:track)%00%(upstream:remotename)%00%(upstream:remoteref) refs/heads/main refs/remotes/main [3ms]
2026-03-09 01:18:03.972 [info] > git status -z -uall [10ms]
2026-03-09 01:18:03.974 [info] > git for-each-ref --sort -committerdate --format %(refname)%00%(objectname)%00%(*objectname) [5ms]
2026-03-09 01:18:04.338 [info] > git check-ignore -v -z --stdin [1ms]
2026-03-09 01:18:05.181 [info] > git ls-files --stage -- README.md [2ms]
2026-03-09 01:18:05.188 [info] > git cat-file -s 5343ca17cd91dec6d19cc23d5ed5882dc24d19d4 [2ms]
2026-03-09 01:18:05.197 [info] > git show --textconv :README.md [2ms]
2026-03-09 01:18:05.342 [info] > git config --get commit.template [6ms]
2026-03-09 01:18:05.343 [info] > git for-each-ref --format=%(refname)%00%(upstream:short)%00%(objectname)%00%(upstream:track)%00%(upstream:remotename)%00%(upstream:remoteref) refs/heads/main refs/remotes/main [2ms]
2026-03-09 01:18:05.354 [info] > git status -z -uall [7ms]
2026-03-09 01:18:05.357 [info] > git for-each-ref --sort -committerdate --format %(refname)%00%(objectname)%00%(*objectname) [4ms]
2026-03-09 01:18:05.769 [info] > git check-ignore -v -z --stdin [3ms]
2026-03-09 01:18:41.291 [info] > git -c user.useConfigOnly=true commit --quiet --allow-empty-message --file - [16ms]
2026-03-09 01:18:41.298 [info] > git config --get commit.template [1ms]
2026-03-09 01:18:41.314 [info] > git config --get commit.template [8ms]
2026-03-09 01:18:41.316 [info] > git for-each-ref --format=%(refname)%00%(upstream:short)%00%(objectname)%00%(upstream:track)%00%(upstream:remotename)%00%(upstream:remoteref) refs/heads/main refs/remotes/main [4ms]
2026-03-09 01:18:41.329 [info] > git status -z -uall [8ms]
2026-03-09 01:18:41.329 [info] > git for-each-ref --sort -committerdate --format %(refname)%00%(objectname)%00%(*objectname) [2ms]
2026-03-09 01:18:41.353 [info] > git merge-base refs/heads/main refs/remotes/origin/main [4ms]
2026-03-09 01:18:41.358 [info] > git blame --root --incremental 84dfd92d04964780fefd8eec88d5876921db159c -- README.md [19ms]
2026-03-09 01:18:41.361 [info] > git diff --raw --numstat --diff-filter=ADMR -z --find-renames=50% 6ed80e06ce9ee570f0cfeac270a1ead35b3d3135...refs/remotes/origin/main -- [3ms]
2026-03-09 01:18:41.457 [info] > git config --get commit.template [8ms]
2026-03-09 01:18:41.458 [info] > git for-each-ref --format=%(refname)%00%(upstream:short)%00%(objectname)%00%(upstream:track)%00%(upstream:remotename)%00%(upstream:remoteref) refs/heads/main refs/remotes/main [3ms]
2026-03-09 01:18:41.471 [info] > git status -z -uall [6ms]
2026-03-09 01:18:41.472 [info] > git log --format=%H%n%aN%n%aE%n%at%n%ct%n%P%n%D%n%B -z --shortstat --diff-merges=first-parent -n50 --skip=0 --topo-order --decorate=full --stdin [75ms]
2026-03-09 01:18:41.479 [info] > git for-each-ref --sort -committerdate --format %(refname)%00%(objectname)%00%(*objectname) [9ms]
2026-03-09 01:18:41.491 [info] > git merge-base main origin/main [2ms]
2026-03-09 01:18:41.656 [info] > git check-ignore -v -z --stdin [2ms]
2026-03-09 01:18:42.534 [info] > git ls-files --stage -- README.md [1ms]
2026-03-09 01:18:42.540 [info] > git cat-file -s 5343ca17cd91dec6d19cc23d5ed5882dc24d19d4 [1ms]
2026-03-09 01:18:42.549 [info] > git show --textconv :README.md [2ms]
2026-03-09 01:18:55.170 [info] > git log --oneline --cherry main...main@{upstream} -- [2ms]
2026-03-09 01:18:55.886 [info] > git pull --tags origin main [710ms]
2026-03-09 01:18:55.886 [info] From https://github.com/Hamat09/Hyperland-dots
 * branch            main       -> FETCH_HEAD
2026-03-09 01:18:57.062 [info] > git ls-files --stage -- README.md [1ms]
2026-03-09 01:18:57.070 [info] > git cat-file -s 5343ca17cd91dec6d19cc23d5ed5882dc24d19d4 [2ms]
2026-03-09 01:18:57.080 [info] > git show --textconv :README.md [3ms]
2026-03-09 01:19:00.621 [info] > git push origin main:main [4730ms]
2026-03-09 01:19:00.621 [info] To https://github.com/Hamat09/Hyperland-dots.git
   6ed80e0..84dfd92  main -> main
2026-03-09 01:19:00.633 [info] > git config --get commit.template [5ms]
2026-03-09 01:19:00.634 [info] > git for-each-ref --format=%(refname)%00%(upstream:short)%00%(objectname)%00%(upstream:track)%00%(upstream:remotename)%00%(upstream:remoteref) refs/heads/main refs/remotes/main [2ms]
2026-03-09 01:19:00.645 [info] > git status -z -uall [6ms]
2026-03-09 01:19:00.646 [info] > git for-each-ref --sort -committerdate --format %(refname)%00%(objectname)%00%(*objectname) [1ms]
2026-03-09 01:19:00.662 [info] > git merge-base refs/heads/main refs/remotes/origin/main [3ms]
2026-03-09 01:19:00.669 [info] > git diff --raw --numstat --diff-filter=ADMR -z --find-renames=50% 84dfd92d04964780fefd8eec88d5876921db159c...refs/remotes/origin/main -- [2ms]
2026-03-09 01:19:00.735 [info] > git log --format=%H%n%aN%n%aE%n%at%n%ct%n%P%n%D%n%B -z --shortstat --diff-merges=first-parent -n50 --skip=0 --topo-order --decorate=full --stdin [56ms]
2026-03-09 01:19:00.748 [info] > git merge-base main origin/main [2ms]
2026-03-09 01:19:01.705 [info] > git config --get commit.template [4ms]
2026-03-09 01:19:01.705 [info] > git for-each-ref --format=%(refname)%00%(upstream:short)%00%(objectname)%00%(upstream:track)%00%(upstream:remotename)%00%(upstream:remoteref) refs/heads/main refs/remotes/main [1ms]
2026-03-09 01:19:01.718 [info] > git status -z -uall [7ms]
2026-03-09 01:19:01.719 [info] > git for-each-ref --sort -committerdate --format %(refname)%00%(objectname)%00%(*objectname) [2ms]
2026-03-09 01:19:01.803 [info] > git ls-files --stage -- README.md [1ms]
2026-03-09 01:19:01.811 [info] > git cat-file -s 5343ca17cd91dec6d19cc23d5ed5882dc24d19d4 [2ms]
2026-03-09 01:19:01.820 [info] > git show --textconv :README.md [1ms]
2026-03-09 01:40:51.115 [info] > git check-ignore -v -z --stdin [2ms]
2026-03-09 01:40:51.129 [info] > git show --textconv :dotfiles/kitty/kitty.conf [8ms]
2026-03-09 01:40:51.130 [info] > git ls-files --stage -- dotfiles/kitty/kitty.conf [3ms]
2026-03-09 01:40:51.136 [info] > git cat-file -s c6f3a6641b479a674aa23f8f53a77da610c1a33d [1ms]
2026-03-09 01:41:01.536 [info] > git check-ignore -v -z --stdin [2ms]
2026-03-09 01:41:01.549 [info] > git show --textconv :dotfiles/hypr/hyprland.conf [6ms]
2026-03-09 01:41:01.550 [info] > git ls-files --stage -- dotfiles/hypr/hyprland.conf [2ms]
2026-03-09 01:41:01.559 [info] > git cat-file -s 5f82e4412396b5782c3e5e12900e5a9ded7b64fc [3ms]
2026-03-09 01:41:03.518 [info] > git blame --root --incremental 84dfd92d04964780fefd8eec88d5876921db159c -- dotfiles/hypr/hyprland.conf [4ms]
2026-03-09 01:41:19.976 [info] > git check-ignore -v -z --stdin [1ms]
2026-03-09 01:41:20.240 [info] > git check-ignore -v -z --stdin [1ms]
2026-03-09 01:41:20.475 [info] > git check-ignore -v -z --stdin [2ms]
2026-03-09 01:41:21.181 [info] > git check-ignore -v -z --stdin [1ms]
2026-03-09 01:41:21.815 [info] > git check-ignore -v -z --stdin [1ms]
2026-03-09 01:41:22.329 [info] > git check-ignore -v -z --stdin [1ms]
2026-03-09 01:41:24.746 [info] > git check-ignore -v -z --stdin [1ms]
2026-03-09 01:41:25.529 [info] > git check-ignore -v -z --stdin [1ms]
2026-03-09 01:41:26.276 [info] > git check-ignore -v -z --stdin [2ms]
2026-03-09 01:41:27.124 [info] > git check-ignore -v -z --stdin [2ms]
2026-03-09 01:41:28.131 [info] > git check-ignore -v -z --stdin [1ms]
2026-03-09 01:41:28.597 [info] > git check-ignore -v -z --stdin [1ms]
2026-03-09 01:41:30.727 [info] > git check-ignore -v -z --stdin [1ms]
2026-03-09 01:41:31.630 [info] > git check-ignore -v -z --stdin [1ms]
2026-03-09 01:41:34.296 [info] > git config --get commit.template [4ms]
2026-03-09 01:41:34.297 [info] > git for-each-ref --format=%(refname)%00%(upstream:short)%00%(objectname)%00%(upstream:track)%00%(upstream:remotename)%00%(upstream:remoteref) refs/heads/main refs/remotes/main [1ms]
2026-03-09 01:41:34.310 [info] > git status -z -uall [7ms]
2026-03-09 01:41:34.311 [info] > git for-each-ref --sort -committerdate --format %(refname)%00%(objectname)%00%(*objectname) [3ms]
2026-03-09 01:41:34.763 [info] > git check-ignore -v -z --stdin [1ms]
2026-03-09 01:41:43.577 [info] > git config --get commit.template [1ms]
2026-03-09 01:41:43.583 [info] > git for-each-ref --format=%(refname)%00%(upstream:short)%00%(objectname)%00%(upstream:track)%00%(upstream:remotename)%00%(upstream:remoteref) refs/heads/main refs/remotes/main [2ms]
2026-03-09 01:41:43.595 [info] > git status -z -uall [6ms]
2026-03-09 01:41:43.597 [info] > git for-each-ref --sort -committerdate --format %(refname)%00%(objectname)%00%(*objectname) [2ms]
